#
# There is insufficient memory for the Java Runtime Environment to continue.
# Native memory allocation (mmap) failed to map 268435456 bytes for Failed to commit area from 0x0000000700e00000 to 0x0000000710e00000 of length 268435456.
# Possible reasons:
#   The system is out of physical RAM or swap space
#   The process is running with CompressedOops enabled, and the Java Heap may be blocking the growth of the native heap
# Possible solutions:
#   Reduce memory load on the system
#   Increase physical memory or swap space
#   Check if swap backing store is full
#   Decrease Java heap size (-Xmx/-Xms)
#   Decrease number of Java threads
#   Decrease Java thread stack sizes (-Xss)
#   Set larger code cache with -XX:ReservedCodeCacheSize=
# This output file may be truncated or incomplete.
#
#  Out of Memory Error (src/hotspot/os/windows/os_windows.cpp:3627), pid=7012, tid=6464
#
# JRE version:  (11.0.15+10) (build )
# Java VM: OpenJDK 64-Bit Server VM (11.0.15+10-b2043.56, mixed mode, sharing, tiered, compressed oops, g1 gc, windows-amd64)
# No core dump will be written. Minidumps are not enabled by default on client versions of Windows
#

---------------  S U M M A R Y ------------

Command Line: git4idea.http.GitAskPassApp Username for 'https://gitlab.skillbox.ru': 

Host: Intel(R) Core(TM) i5-9400F CPU @ 2.90GHz, 6 cores, 15G,  Windows 10 , 64 bit Build 19041 (10.0.19041.2788)
Time: Thu May 11 17:22:39 2023 RTZ 2 (s 10 , 64 bit Build 19041 (10.0.19041.2788) elapsed time: 0.009934 seconds (0d 0h 0m 0s)

---------------  T H R E A D  ---------------

Current thread (0x000001525bfed800):  JavaThread "Unknown thread" [_thread_in_vm, id=6464, stack(0x0000001da3f00000,0x0000001da4000000)]

Stack: [0x0000001da3f00000,0x0000001da4000000]
Native frames: (J=compiled Java code, j=interpreted, Vv=VM code, C=native code)
V  [jvm.dll+0x61612a]
V  [jvm.dll+0x79c450]
V  [jvm.dll+0x79da6d]
V  [jvm.dll+0x79e143]
V  [jvm.dll+0x24cc18]
V  [jvm.dll+0x613174]
V  [jvm.dll+0x607e55]
V  [jvm.dll+0x30b1cb]
V  [jvm.dll+0x30b13a]
V  [jvm.dll+0x30b012]
V  [jvm.dll+0x30ff76]
V  [jvm.dll+0x35b4c3]
V  [jvm.dll+0x35bbc6]
V  [jvm.dll+0x35b5c3]
V  [jvm.dll+0x2e5918]
V  [jvm.dll+0x2e6ab7]
V  [jvm.dll+0x7794f7]
V  [jvm.dll+0x77acec]
V  [jvm.dll+0x368a59]
V  [jvm.dll+0x75ce8e]
V  [jvm.dll+0x3d6a33]
V  [jvm.dll+0x3d9001]
C  [jli.dll+0x536b]
C  [ucrtbase.dll+0x21bb2]
C  [KERNEL32.DLL+0x17604]
C  [ntdll.dll+0x526a1]


---------------  P R O C E S S  ---------------

Threads class SMR info:
_java_thread_list=0x000001525be91e30, length=0, elements={
}

Java Threads: ( => current thread )

Other Threads:
  0x000001525c007800 GCTaskThread "GC Thread#0" [stack: 0x0000001da4000000,0x0000001da4100000] [id=1712]
  0x000001525c065800 ConcurrentGCThread "G1 Main Marker" [stack: 0x0000001da4100000,0x0000001da4200000] [id=17060]
  0x000001525c067000 ConcurrentGCThread "G1 Conc#0" [stack: 0x0000001da4200000,0x0000001da4300000] [id=2280]

[error occurred during error reporting (printing all threads), id 0xc0000005, EXCEPTION_ACCESS_VIOLATION (0xc0000005) at pc=0x00007fff2df96017]

VM state:not at safepoint (not fully initialized)

VM Mutex/Monitor currently owned by a thread:  ([mutex/lock_event])
[0x000001525bfe9560] Heap_lock - owner thread: 0x000001525bfed800

Heap address: 0x0000000700e00000, size: 4082 MB, Compressed Oops mode: Non-zero based: 0x0000000700e00000
Narrow klass base: 0x0000000000000000, Narrow klass shift: 0

GC Heap History (0 events):
No events

Deoptimization events (0 events):
No events

Classes redefined (0 events):
No events

Internal exceptions (0 events):
No events

Events (1 events):
Event: 0.005 Loaded shared library C:\Program Files\JetBrains\IntelliJ IDEA Community Edition 2022.1.2\jbr\bin\zip.dll


Dynamic libraries:
0x00007ff665b30000 - 0x00007ff665b3a000 	C:\Program Files\JetBrains\IntelliJ IDEA Community Edition 2022.1.2\jbr\bin\java.exe
0x00007fff850b0000 - 0x00007fff852a8000 	C:\Windows\SYSTEM32\ntdll.dll
0x00007fff84fa0000 - 0x00007fff8505f000 	C:\Windows\System32\KERNEL32.DLL
0x00007fff82b20000 - 0x00007fff82dfa000 	C:\Windows\System32\KERNELBASE.dll
0x00007fff82e00000 - 0x00007fff82f00000 	C:\Windows\System32\ucrtbase.dll
0x00007fff6aba0000 - 0x00007fff6abb9000 	C:\Program Files\JetBrains\IntelliJ IDEA Community Edition 2022.1.2\jbr\bin\jli.dll
0x00007fff62bf0000 - 0x00007fff62c06000 	C:\Program Files\JetBrains\IntelliJ IDEA Community Edition 2022.1.2\jbr\bin\VCRUNTIME140.dll
0x00007fff838f0000 - 0x00007fff83a8d000 	C:\Windows\System32\USER32.dll
0x00007fff830e0000 - 0x00007fff83102000 	C:\Windows\System32\win32u.dll
0x00007fff65e20000 - 0x00007fff660ba000 	C:\Windows\WinSxS\amd64_microsoft.windows.common-controls_6595b64144ccf1df_6.0.19041.1110_none_60b5254171f9507e\COMCTL32.dll
0x00007fff84830000 - 0x00007fff8485b000 	C:\Windows\System32\GDI32.dll
0x00007fff82fd0000 - 0x00007fff830e0000 	C:\Windows\System32\gdi32full.dll
0x00007fff84710000 - 0x00007fff847ae000 	C:\Windows\System32\msvcrt.dll
0x00007fff82f30000 - 0x00007fff82fcd000 	C:\Windows\System32\msvcp_win.dll
0x00007fff84a90000 - 0x00007fff84ac0000 	C:\Windows\System32\IMM32.DLL
0x00007fff4ae60000 - 0x00007fff4af0a000 	C:\Program Files\JetBrains\IntelliJ IDEA Community Edition 2022.1.2\jbr\bin\msvcp140.dll
0x00007fff2dca0000 - 0x00007fff2e81b000 	C:\Program Files\JetBrains\IntelliJ IDEA Community Edition 2022.1.2\jbr\bin\server\jvm.dll
0x00007fff84ac0000 - 0x00007fff84b6e000 	C:\Windows\System32\ADVAPI32.dll
0x00007fff84670000 - 0x00007fff8470c000 	C:\Windows\System32\sechost.dll
0x00007fff84bd0000 - 0x00007fff84cf6000 	C:\Windows\System32\RPCRT4.dll
0x00007fff85060000 - 0x00007fff85068000 	C:\Windows\System32\PSAPI.DLL
0x00007fff6b960000 - 0x00007fff6b969000 	C:\Windows\SYSTEM32\WSOCK32.dll
0x00007fff84f10000 - 0x00007fff84f7b000 	C:\Windows\System32\WS2_32.dll
0x00007fff74cf0000 - 0x00007fff74d17000 	C:\Windows\SYSTEM32\WINMM.dll
0x00007fff7c640000 - 0x00007fff7c64a000 	C:\Windows\SYSTEM32\VERSION.dll
0x00007fff80660000 - 0x00007fff80672000 	C:\Windows\SYSTEM32\kernel.appcore.dll
0x00007fff7b0d0000 - 0x00007fff7b0e1000 	C:\Program Files\JetBrains\IntelliJ IDEA Community Edition 2022.1.2\jbr\bin\verify.dll
0x00007fff6c2e0000 - 0x00007fff6c4c4000 	C:\Windows\SYSTEM32\DBGHELP.DLL
0x00007fff6bb40000 - 0x00007fff6bb74000 	C:\Windows\SYSTEM32\dbgcore.DLL
0x00007fff82a20000 - 0x00007fff82aa2000 	C:\Windows\System32\bcryptPrimitives.dll
0x00007fff557b0000 - 0x00007fff557d9000 	C:\Program Files\JetBrains\IntelliJ IDEA Community Edition 2022.1.2\jbr\bin\java.dll
0x00007fff80030000 - 0x00007fff8003b000 	C:\Program Files\JetBrains\IntelliJ IDEA Community Edition 2022.1.2\jbr\bin\jimage.dll
0x00007fff55790000 - 0x00007fff557a9000 	C:\Program Files\JetBrains\IntelliJ IDEA Community Edition 2022.1.2\jbr\bin\zip.dll

dbghelp: loaded successfully - version: 4.0.5 - missing functions: none
symbol engine: initialized successfully - sym options: 0x614 - pdb path: .;C:\Program Files\JetBrains\IntelliJ IDEA Community Edition 2022.1.2\jbr\bin;C:\Windows\SYSTEM32;C:\Windows\WinSxS\amd64_microsoft.windows.common-controls_6595b64144ccf1df_6.0.19041.1110_none_60b5254171f9507e;C:\Program Files\JetBrains\IntelliJ IDEA Community Edition 2022.1.2\jbr\bin\server

VM Arguments:
java_command: git4idea.http.GitAskPassApp Username for 'https://gitlab.skillbox.ru': 
java_class_path (initial): C:/Program Files/JetBrains/IntelliJ IDEA Community Edition 2022.1.2/plugins/git4idea/lib/git4idea-rt.jar;C:/Program Files/JetBrains/IntelliJ IDEA Community Edition 2022.1.2/lib/externalProcess-rt.jar;C:/Program Files/JetBrains/IntelliJ IDEA Community Edition 2022.1.2/lib/app.jar;C:/Program Files/JetBrains/IntelliJ IDEA Community Edition 2022.1.2/lib/3rd-party-rt.jar
Launcher Type: SUN_STANDARD

[Global flags]
     intx CICompilerCount                          = 3                                         {product} {ergonomic}
     uint ConcGCThreads                            = 2                                         {product} {ergonomic}
     uint G1ConcRefinementThreads                  = 6                                         {product} {ergonomic}
   size_t G1HeapRegionSize                         = 1048576                                   {product} {ergonomic}
    uintx GCDrainStackTargetSize                   = 64                                        {product} {ergonomic}
   size_t InitialHeapSize                          = 268435456                                 {product} {ergonomic}
   size_t MarkStackSize                            = 4194304                                   {product} {ergonomic}
   size_t MaxHeapSize                              = 4280287232                                {product} {ergonomic}
   size_t MinHeapDeltaBytes                        = 1048576                                   {product} {ergonomic}
    uintx NonNMethodCodeHeapSize                   = 5830732                                {pd product} {ergonomic}
    uintx NonProfiledCodeHeapSize                  = 122913754                              {pd product} {ergonomic}
    uintx ProfiledCodeHeapSize                     = 122913754                              {pd product} {ergonomic}
    uintx ReservedCodeCacheSize                    = 251658240                              {pd product} {ergonomic}
     bool SegmentedCodeCache                       = true                                      {product} {ergonomic}
     bool UseCompressedClassPointers               = true                                 {lp64_product} {ergonomic}
     bool UseCompressedOops                        = true                                 {lp64_product} {ergonomic}
     bool UseG1GC                                  = true                                      {product} {ergonomic}
     bool UseLargePagesIndividualAllocation        = false                                  {pd product} {ergonomic}

Logging:
Log output configuration:
 #0: stdout all=warning uptime,level,tags
 #1: stderr all=off uptime,level,tags

Environment Variables:
PATH=C:\Program Files\Git\mingw64\libexec\git-core;C:\Program Files\Git\mingw64\libexec\git-core;C:\Program Files\Git\mingw64\bin;C:\Program Files\Git\usr\bin;C:\Users\Anton\bin;C:\Program Files\Common Files\Oracle\Java\javapath;C:\Program Files (x86)\Common Files\Oracle\Java\javapath;C:\Windows\system32;C:\Windows;C:\Windows\System32\Wbem;C:\Windows\System32\WindowsPowerShell\v1.0;C:\Windows\System32\OpenSSH;C:\Program Files (x86)\NVIDIA Corporation\PhysX\Common;C:\Program Files\NVIDIA Corporation\NVIDIA NvDLISR;C:\Program Files (x86)\GtkSharp\2.12\bin;C:\Program Files\dotnet;C:\Program Files\Git\cmd;C:\ProgramData\chocolatey\bin;C:\Program Files (x86)\dotnet;C:\Program Files\Docker\Docker\resources\bin;C:\Users\Anton\AppData\Local\Microsoft\WindowsApps
USERNAME=Anton
DISPLAY=:0.0
LC_ALL=en_US.UTF-8
OS=Windows_NT
PROCESSOR_IDENTIFIER=Intel64 Family 6 Model 158 Stepping 13, GenuineIntel



---------------  S Y S T E M  ---------------

OS: Windows 10 , 64 bit Build 19041 (10.0.19041.2788)
OS uptime: 6 days 7:06 hours
Hyper-V role detected

CPU:total 6 (initial active 6) (6 cores per cpu, 1 threads per core) family 6 model 158 stepping 13 microcode 0xb8, cmov, cx8, fxsr, mmx, sse, sse2, sse3, ssse3, sse4.1, sse4.2, popcnt, avx, avx2, aes, clmul, erms, 3dnowpref, lzcnt, tsc, tscinvbit, bmi1, bmi2, adx, fma

Memory: 4k page, system-wide physical 16326M (1871M free)
TotalPageFile size 22486M (AvailPageFile size 183M)
current process WorkingSet (physical memory assigned to process): 10M, peak: 10M
current process commit charge ("private bytes"): 56M, peak: 312M

vm_info: OpenJDK 64-Bit Server VM (11.0.15+10-b2043.56) for windows-amd64 JRE (11.0.15+10-b2043.56), built on May 16 2022 02:28:12 by "" with MS VC++ 14.0 (VS2015)

END.
