#
# There is insufficient memory for the Java Runtime Environment to continue.
# Native memory allocation (mmap) failed to map 251658240 bytes for G1 virtual space
# Possible reasons:
#   The system is out of physical RAM or swap space
#   The process is running with CompressedOops enabled, and the Java Heap may be blocking the growth of the native heap
# Possible solutions:
#   Reduce memory load on the system
#   Increase physical memory or swap space
#   Check if swap backing store is full
#   Decrease Java heap size (-Xmx/-Xms)
#   Decrease number of Java threads
#   Decrease Java thread stack sizes (-Xss)
#   Set larger code cache with -XX:ReservedCodeCacheSize=
#   JVM is running with Zero Based Compressed Oops mode in which the Java heap is
#     placed in the first 32GB address space. The Java Heap base address is the
#     maximum limit for the native heap growth. Please use -XX:HeapBaseMinAddress
#     to set the Java Heap base and to place the Java Heap above 32GB virtual address.
# This output file may be truncated or incomplete.
#
#  Out of Memory Error (os_windows.cpp:3557), pid=16620, tid=13972
#
# JRE version:  (17.0.6+10) (build )
# Java VM: OpenJDK 64-Bit Server VM (17.0.6+10-LTS, mixed mode, emulated-client, sharing, tiered, compressed oops, compressed class ptrs, g1 gc, windows-amd64)
# No core dump will be written. Minidumps are not enabled by default on client versions of Windows
#

---------------  S U M M A R Y ------------

Command Line: -Dspring.profiles.active=vitaliy -XX:TieredStopAtLevel=1 -Dspring.output.ansi.enabled=always -Dcom.sun.management.jmxremote -Dspring.jmx.enabled=true -Dspring.liveBeansView.mbeanDomain -Dspring.application.admin.enabled=true -Dmanagement.endpoints.jmx.exposure.include=* -javaagent:C:\Program Files\JetBrains\IntelliJ IDEA 2022.3.2\lib\idea_rt.jar=57616:C:\Program Files\JetBrains\IntelliJ IDEA 2022.3.2\bin -Dfile.encoding=UTF-8 socialnet.SocialNetApp

Host: Intel(R) Core(TM) i5-8400 CPU @ 2.80GHz, 6 cores, 14G,  Windows 10 , 64 bit Build 19041 (10.0.19041.2788)
Time: Mon Mar 27 16:48:20 2023 RTZ 2 (s 10 , 64 bit Build 19041 (10.0.19041.2788) elapsed time: 0.061955 seconds (0d 0h 0m 0s)

---------------  T H R E A D  ---------------

Current thread (0x000001c8c9a4f510):  JavaThread "Unknown thread" [_thread_in_vm, id=13972, stack(0x0000002e26f00000,0x0000002e27000000)]

Stack: [0x0000002e26f00000,0x0000002e27000000]
Native frames: (J=compiled Java code, j=interpreted, Vv=VM code, C=native code)
V  [jvm.dll+0x64b39a]
V  [jvm.dll+0x7ff044]
V  [jvm.dll+0x8007fe]
V  [jvm.dll+0x800e53]
V  [jvm.dll+0x235848]
V  [jvm.dll+0x6482fa]
V  [jvm.dll+0x63ca0a]
V  [jvm.dll+0x2f3d59]
V  [jvm.dll+0x2faee6]
V  [jvm.dll+0x34755a]
V  [jvm.dll+0x34779f]
V  [jvm.dll+0x2ca128]
V  [jvm.dll+0x2cb0b9]
V  [jvm.dll+0x7d2751]
V  [jvm.dll+0x354a21]
V  [jvm.dll+0x7b2c9e]
V  [jvm.dll+0x3d16c3]
V  [jvm.dll+0x3d30c1]
C  [jli.dll+0x519f]
C  [ucrtbase.dll+0x21bb2]
C  [KERNEL32.DLL+0x17604]
C  [ntdll.dll+0x526a1]


---------------  P R O C E S S  ---------------

Threads class SMR info:
_java_thread_list=0x00007ffd70dbb858, length=0, elements={
}

Java Threads: ( => current thread )

Other Threads:
  0x000001c8c7a4eb20 GCTaskThread "GC Thread#0" [stack: 0x0000002e27000000,0x0000002e27100000] [id=3996]
  0x000001c8c9ac41f0 ConcurrentGCThread "G1 Main Marker" [stack: 0x0000002e27100000,0x0000002e27200000] [id=15892]
  0x000001c8c9ac5580 ConcurrentGCThread "G1 Conc#0" [stack: 0x0000002e27200000,0x0000002e27300000] [id=16968]

[error occurred during error reporting (printing all threads), id 0xc0000005, EXCEPTION_ACCESS_VIOLATION (0xc0000005) at pc=0x00007ffd705ab387]

VM state: not at safepoint (not fully initialized)

VM Mutex/Monitor currently owned by a thread:  ([mutex/lock_event])
[0x000001c8c9a4b430] Heap_lock - owner thread: 0x000001c8c9a4f510

Heap address: 0x0000000711000000, size: 3824 MB, Compressed Oops mode: Zero based, Oop shift amount: 3

CDS archive(s) mapped at: [0x0000000000000000-0x0000000000000000-0x0000000000000000), size 0, SharedBaseAddress: 0x0000000800000000, ArchiveRelocationMode: 0.
Narrow klass base: 0x0000000000000000, Narrow klass shift: 0, Narrow klass range: 0x0

GC Precious Log:
<Empty>

Heap:
 garbage-first heap   total 0K, used 0K [0x0000000711000000, 0x0000000800000000)
  region size 2048K, 0 young (0K), 0 survivors (0K)

[error occurred during error reporting (printing heap information), id 0xc0000005, EXCEPTION_ACCESS_VIOLATION (0xc0000005) at pc=0x00007ffd70972dd9]

GC Heap History (0 events):
No events

Dll operation events (1 events):
Event: 0.045 Loaded shared library C:\Users\KIPIA\.jdks\corretto-17.0.6\bin\java.dll

Deoptimization events (0 events):
No events

Classes unloaded (0 events):
No events

Classes redefined (0 events):
No events

Internal exceptions (0 events):
No events

VM Operations (0 events):
No events

Events (0 events):
No events


Dynamic libraries:
0x00007ff6e7280000 - 0x00007ff6e728d000 	C:\Users\KIPIA\.jdks\corretto-17.0.6\bin\java.exe
0x00007ffdda570000 - 0x00007ffdda768000 	C:\WINDOWS\SYSTEM32\ntdll.dll
0x00007ffdd9260000 - 0x00007ffdd931f000 	C:\WINDOWS\System32\KERNEL32.DLL
0x00007ffdd8060000 - 0x00007ffdd833a000 	C:\WINDOWS\System32\KERNELBASE.dll
0x0000000070bf0000 - 0x0000000070c96000 	C:\WINDOWS\System32\SYSFER.DLL
0x00007ffdd84d0000 - 0x00007ffdd85d0000 	C:\WINDOWS\System32\ucrtbase.dll
0x00007ffd850f0000 - 0x00007ffd85107000 	C:\Users\KIPIA\.jdks\corretto-17.0.6\bin\jli.dll
0x00007ffd81190000 - 0x00007ffd811a5000 	C:\Users\KIPIA\.jdks\corretto-17.0.6\bin\VCRUNTIME140.dll
0x00007ffdd8910000 - 0x00007ffdd8aad000 	C:\WINDOWS\System32\USER32.dll
0x00007ffdd7f20000 - 0x00007ffdd7f42000 	C:\WINDOWS\System32\win32u.dll
0x00007ffdda3e0000 - 0x00007ffdda40b000 	C:\WINDOWS\System32\GDI32.dll
0x00007ffdd7f50000 - 0x00007ffdd8060000 	C:\WINDOWS\System32\gdi32full.dll
0x00007ffdd8340000 - 0x00007ffdd83dd000 	C:\WINDOWS\System32\msvcp_win.dll
0x00007ffdc4520000 - 0x00007ffdc47ba000 	C:\WINDOWS\WinSxS\amd64_microsoft.windows.common-controls_6595b64144ccf1df_6.0.19041.1110_none_60b5254171f9507e\COMCTL32.dll
0x00007ffdd8bf0000 - 0x00007ffdd8c8e000 	C:\WINDOWS\System32\msvcrt.dll
0x00007ffdd8830000 - 0x00007ffdd8838000 	C:\WINDOWS\System32\psapi.dll
0x00007ffdd85d0000 - 0x00007ffdd8600000 	C:\WINDOWS\System32\IMM32.DLL
0x00007ffd7d940000 - 0x00007ffd7d9db000 	C:\Users\KIPIA\.jdks\corretto-17.0.6\bin\msvcp140.dll
0x00007ffd702d0000 - 0x00007ffd70ee8000 	C:\Users\KIPIA\.jdks\corretto-17.0.6\bin\server\jvm.dll
0x00007ffdd8860000 - 0x00007ffdd890e000 	C:\WINDOWS\System32\ADVAPI32.dll
0x00007ffdd9320000 - 0x00007ffdd93bc000 	C:\WINDOWS\System32\sechost.dll
0x00007ffdd8600000 - 0x00007ffdd8724000 	C:\WINDOWS\System32\RPCRT4.dll
0x00007ffdc4bf0000 - 0x00007ffdc4bf9000 	C:\WINDOWS\SYSTEM32\WSOCK32.dll
0x00007ffdd9720000 - 0x00007ffdd978b000 	C:\WINDOWS\System32\WS2_32.dll
0x00007ffdbe5d0000 - 0x00007ffdbe5f7000 	C:\WINDOWS\SYSTEM32\WINMM.dll
0x00007ffdd63e0000 - 0x00007ffdd63ea000 	C:\WINDOWS\SYSTEM32\VERSION.dll
0x00007ffdd6700000 - 0x00007ffdd6712000 	C:\WINDOWS\SYSTEM32\kernel.appcore.dll
0x00007ffdb8de0000 - 0x00007ffdb8dea000 	C:\Users\KIPIA\.jdks\corretto-17.0.6\bin\jimage.dll
0x00007ffdd10d0000 - 0x00007ffdd12b4000 	C:\WINDOWS\SYSTEM32\DBGHELP.DLL
0x00007ffdd0f30000 - 0x00007ffdd0f64000 	C:\WINDOWS\SYSTEM32\dbgcore.DLL
0x00007ffdd7c80000 - 0x00007ffdd7d02000 	C:\WINDOWS\System32\bcryptPrimitives.dll
0x00007ffdd5050000 - 0x00007ffdd505e000 	C:\Users\KIPIA\.jdks\corretto-17.0.6\bin\instrument.dll
0x00007ffd7d910000 - 0x00007ffd7d935000 	C:\Users\KIPIA\.jdks\corretto-17.0.6\bin\java.dll

dbghelp: loaded successfully - version: 4.0.5 - missing functions: none
symbol engine: initialized successfully - sym options: 0x614 - pdb path: .;C:\Users\KIPIA\.jdks\corretto-17.0.6\bin;C:\WINDOWS\SYSTEM32;C:\WINDOWS\WinSxS\amd64_microsoft.windows.common-controls_6595b64144ccf1df_6.0.19041.1110_none_60b5254171f9507e;C:\Users\KIPIA\.jdks\corretto-17.0.6\bin\server

VM Arguments:
jvm_args: -Dspring.profiles.active=vitaliy -XX:TieredStopAtLevel=1 -Dspring.output.ansi.enabled=always -Dcom.sun.management.jmxremote -Dspring.jmx.enabled=true -Dspring.liveBeansView.mbeanDomain -Dspring.application.admin.enabled=true -Dmanagement.endpoints.jmx.exposure.include=* -javaagent:C:\Program Files\JetBrains\IntelliJ IDEA 2022.3.2\lib\idea_rt.jar=57616:C:\Program Files\JetBrains\IntelliJ IDEA 2022.3.2\bin -Dfile.encoding=UTF-8 
java_command: socialnet.SocialNetApp
java_class_path (initial): D:\!Для рабочего стола\!Левин\подрыв гомогенизатора 01.04.2022\Vit\javaproteams37backend\target\classes;C:\Users\KIPIA\.m2\repository\org\springframework\boot\spring-boot-starter-web\2.3.12.RELEASE\spring-boot-starter-web-2.3.12.RELEASE.jar;C:\Users\KIPIA\.m2\repository\org\springframework\boot\spring-boot-starter\2.3.12.RELEASE\spring-boot-starter-2.3.12.RELEASE.jar;C:\Users\KIPIA\.m2\repository\org\springframework\boot\spring-boot\2.3.12.RELEASE\spring-boot-2.3.12.RELEASE.jar;C:\Users\KIPIA\.m2\repository\org\springframework\boot\spring-boot-autoconfigure\2.3.12.RELEASE\spring-boot-autoconfigure-2.3.12.RELEASE.jar;C:\Users\KIPIA\.m2\repository\org\springframework\boot\spring-boot-starter-logging\2.3.12.RELEASE\spring-boot-starter-logging-2.3.12.RELEASE.jar;C:\Users\KIPIA\.m2\repository\ch\qos\logback\logback-classic\1.2.3\logback-classic-1.2.3.jar;C:\Users\KIPIA\.m2\repository\ch\qos\logback\logback-core\1.2.3\logback-core-1.2.3.jar;C:\Users\KIPIA\.m2\repository\org\apache\logging\log4j\log4j-to-slf4j\2.13.3\log4j-to-slf4j-2.13.3.jar;C:\Users\KIPIA\.m2\repository\org\apache\logging\log4j\log4j-api\2.13.3\log4j-api-2.13.3.jar;C:\Users\KIPIA\.m2\repository\org\slf4j\jul-to-slf4j\1.7.30\jul-to-slf4j-1.7.30.jar;C:\Users\KIPIA\.m2\repository\org\yaml\snakeyaml\1.26\snakeyaml-1.26.jar;C:\Users\KIPIA\.m2\repository\org\springframework\boot\spring-boot-starter-json\2.3.12.RELEASE\spring-boot-starter-json-2.3.12.RELEASE.jar;C:\Users\KIPIA\.m2\repository\com\fasterxml\jackson\datatype\jackson-datatype-jdk8\2.11.4\jackson-datatype-jdk8-2.11.4.jar;C:\Users\KIPIA\.m2\repository\com\fasterxml\jackson\datatype\jackson-datatype-jsr310\2.11.4\jackson-datatype-jsr310-2.11.4.jar;C:\Users\KIPIA\.m2\repository\com\fasterxml\jackson\module\jackson-module-parameter-names\2.11.4\jackson-module-parameter-names-2.11.4.jar;C:\Users\KIPIA\.m2\repository\org\springframework\spring-web\5.2.15.RELEASE\spring-web-5.2.15.RELEASE.jar;C:\Users\KIPIA\.m2\repository\org\s
Launcher Type: SUN_STANDARD

[Global flags]
     intx CICompilerCount                          = 3                                         {product} {ergonomic}
     uint ConcGCThreads                            = 2                                         {product} {ergonomic}
     uint G1ConcRefinementThreads                  = 6                                         {product} {ergonomic}
   size_t G1HeapRegionSize                         = 2097152                                   {product} {ergonomic}
    uintx GCDrainStackTargetSize                   = 64                                        {product} {ergonomic}
   size_t InitialHeapSize                          = 251658240                                 {product} {ergonomic}
     bool ManagementServer                         = true                                      {product} {command line}
   size_t MarkStackSize                            = 4194304                                   {product} {ergonomic}
   size_t MaxHeapSize                              = 4009754624                                {product} {ergonomic}
   size_t MinHeapDeltaBytes                        = 2097152                                   {product} {ergonomic}
   size_t MinHeapSize                              = 8388608                                   {product} {ergonomic}
    uintx NonProfiledCodeHeapSize                  = 0                                      {pd product} {ergonomic}
     bool ProfileInterpreter                       = false                                  {pd product} {command line}
    uintx ProfiledCodeHeapSize                     = 0                                      {pd product} {ergonomic}
   size_t SoftMaxHeapSize                          = 4009754624                             {manageable} {ergonomic}
     intx TieredStopAtLevel                        = 1                                         {product} {command line}
     bool UseCompressedClassPointers               = true                           {product lp64_product} {ergonomic}
     bool UseCompressedOops                        = true                           {product lp64_product} {ergonomic}
     bool UseG1GC                                  = true                                      {product} {ergonomic}
     bool UseLargePagesIndividualAllocation        = false                                  {pd product} {ergonomic}

Logging:
Log output configuration:
 #0: stdout all=warning uptime,level,tags
 #1: stderr all=off uptime,level,tags

Environment Variables:
JAVA_HOME=C:\Program Files\Java\jdk-17.0.1
PATH=C:\Program Files\Common Files\Oracle\Java\javapath;C:\Program Files\Java\jdk-16.0.2+7\bin;C:\Program Files\Git\cmd;C:\ProgramData\chocolatey\bin;C:\Windows\System32;C:\WINDOWS\system32;C:\WINDOWS;C:\WINDOWS\System32\Wbem;C:\WINDOWS\System32\WindowsPowerShell\v1.0\;C:\Program Files (x86)\Common Files\Acronis\SnapAPI\;C:\Program Files (x86)\Common Files\Acronis\VirtualFile\;C:\Program Files (x86)\Common Files\Acronis\VirtualFile64\;C:\Program Files (x86)\Common Files\Acronis\FileProtector\;C:\Program Files (x86)\Common Files\Acronis\FileProtector64\;C:\Program Files\apache-maven-3.9.0\bin;;C:\Program Files\Docker\Docker\resources\bin;C:\Users\KIPIA\AppData\Local\Microsoft\WindowsApps;C:\Users\KIPIA\AppData\Local\JetBrains\Toolbox\scripts;;C:\Program Files\JetBrains\IntelliJ IDEA 2022.3.2\bin;
USERNAME=KIPIA
OS=Windows_NT
PROCESSOR_IDENTIFIER=Intel64 Family 6 Model 158 Stepping 10, GenuineIntel
TMP=C:\Users\KIPIA\AppData\Local\Temp
TEMP=C:\Users\KIPIA\AppData\Local\Temp



---------------  S Y S T E M  ---------------

OS:
 Windows 10 , 64 bit Build 19041 (10.0.19041.2788)
OS uptime: 0 days 2:49 hours
Hyper-V role detected

CPU: total 6 (initial active 6) (6 cores per cpu, 1 threads per core) family 6 model 158 stepping 10 microcode 0xb4, cx8, cmov, fxsr, mmx, 3dnowpref, sse, sse2, sse3, ssse3, sse4.1, sse4.2, popcnt, lzcnt, tsc, tscinvbit, avx, avx2, aes, erms, clmul, bmi1, bmi2, adx, fma, vzeroupper, clflush, clflushopt, hv

Memory: 4k page, system-wide physical 15288M (1804M free)
TotalPageFile size 15288M (AvailPageFile size 14M)
current process WorkingSet (physical memory assigned to process): 11M, peak: 11M
current process commit charge ("private bytes"): 51M, peak: 291M

vm_info: OpenJDK 64-Bit Server VM (17.0.6+10-LTS) for windows-amd64 JRE (17.0.6+10-LTS), built on Jan 13 2023 22:57:04 by "Administrator" with MS VC++ 15.9 (VS2017)

END.
