18.04.2023 17:57:29.599 [main] INFO   s.SocialNetApp - Starting SocialNetApp on DESKTOP-UG6SHMA with PID 13464 (A:\Skillbox\javaproteams37backend\target\classes started by Anton in A:\Skillbox\javaproteams37backend)
18.04.2023 17:57:29.600 [main] INFO   s.SocialNetApp - The following profiles are active: anton
18.04.2023 17:57:30.826 [main] INFO   o.s.b.w.e.t.TomcatWebServer - Tomcat initialized with port(s): 8086 (http)
18.04.2023 17:57:30.834 [main] INFO   o.a.c.h.Http11NioProtocol - Initializing ProtocolHandler ["http-nio-8086"]
18.04.2023 17:57:30.835 [main] INFO   o.a.c.c.StandardService - Starting service [Tomcat]
18.04.2023 17:57:30.835 [main] INFO   o.a.c.c.StandardEngine - Starting Servlet engine: [Apache Tomcat/9.0.46]
18.04.2023 17:57:30.931 [main] INFO   o.a.c.c.C.[.[.[/] - Initializing Spring embedded WebApplicationContext
18.04.2023 17:57:30.931 [main] INFO   o.s.b.w.s.c.ServletWebServerApplicationContext - Root WebApplicationContext: initialization completed in 1286 ms
18.04.2023 17:57:32.851 [main] INFO   o.s.s.w.DefaultSecurityFilterChain - Creating filter chain: any request, [org.springframework.security.web.context.request.async.WebAsyncManagerIntegrationFilter@1b7554d4, org.springframework.security.web.context.SecurityContextPersistenceFilter@54f6b629, org.springframework.security.web.header.HeaderWriterFilter@55a0f011, org.springframework.web.filter.CorsFilter@57ce2898, org.springframework.security.web.authentication.logout.LogoutFilter@712e787e, socialnet.security.jwt.AuthTokenFilter@4eea94a4, org.springframework.security.web.savedrequest.RequestCacheAwareFilter@3e43f049, org.springframework.security.web.servletapi.SecurityContextHolderAwareRequestFilter@27f71195, org.springframework.security.web.authentication.AnonymousAuthenticationFilter@1ea930eb, org.springframework.security.web.session.SessionManagementFilter@115c946b, org.springframework.security.web.access.ExceptionTranslationFilter@27e199ce, org.springframework.security.web.access.intercept.FilterSecurityInterceptor@307cf964]
18.04.2023 17:57:33.012 [main] INFO   o.s.s.c.ThreadPoolTaskExecutor - Initializing ExecutorService 'applicationTaskExecutor'
18.04.2023 17:57:33.240 [main] INFO   o.a.c.h.Http11NioProtocol - Starting ProtocolHandler ["http-nio-8086"]
18.04.2023 17:57:33.258 [main] INFO   o.s.b.w.e.t.TomcatWebServer - Tomcat started on port(s): 8086 (http) with context path ''
18.04.2023 17:57:33.265 [main] INFO   s.SocialNetApp - Started SocialNetApp in 3.931 seconds (JVM running for 4.324)
18.04.2023 18:02:43.202 [SpringContextShutdownHook] INFO   o.s.s.c.ThreadPoolTaskExecutor - Shutting down ExecutorService 'applicationTaskExecutor'
18.04.2023 18:03:12.974 [main] INFO   s.SocialNetApp - Starting SocialNetApp on DESKTOP-UG6SHMA with PID 3680 (A:\Skillbox\javaproteams37backend\target\classes started by Anton in A:\Skillbox\javaproteams37backend)
18.04.2023 18:03:12.976 [main] INFO   s.SocialNetApp - The following profiles are active: anton
18.04.2023 18:03:14.207 [main] INFO   o.s.b.w.e.t.TomcatWebServer - Tomcat initialized with port(s): 8086 (http)
18.04.2023 18:03:14.216 [main] INFO   o.a.c.h.Http11NioProtocol - Initializing ProtocolHandler ["http-nio-8086"]
18.04.2023 18:03:14.217 [main] INFO   o.a.c.c.StandardService - Starting service [Tomcat]
18.04.2023 18:03:14.217 [main] INFO   o.a.c.c.StandardEngine - Starting Servlet engine: [Apache Tomcat/9.0.46]
18.04.2023 18:03:14.314 [main] INFO   o.a.c.c.C.[.[.[/] - Initializing Spring embedded WebApplicationContext
18.04.2023 18:03:14.314 [main] INFO   o.s.b.w.s.c.ServletWebServerApplicationContext - Root WebApplicationContext: initialization completed in 1295 ms
18.04.2023 18:03:15.734 [main] INFO   o.s.s.w.DefaultSecurityFilterChain - Creating filter chain: any request, [org.springframework.security.web.context.request.async.WebAsyncManagerIntegrationFilter@39449465, org.springframework.security.web.context.SecurityContextPersistenceFilter@70c29356, org.springframework.security.web.header.HeaderWriterFilter@106c988, org.springframework.web.filter.CorsFilter@6e3dd5ce, org.springframework.security.web.authentication.logout.LogoutFilter@241b971f, socialnet.security.jwt.AuthTokenFilter@29be997f, org.springframework.security.web.savedrequest.RequestCacheAwareFilter@23e61112, org.springframework.security.web.servletapi.SecurityContextHolderAwareRequestFilter@4fb57fb3, org.springframework.security.web.authentication.AnonymousAuthenticationFilter@16f7f59f, org.springframework.security.web.session.SessionManagementFilter@147cc940, org.springframework.security.web.access.ExceptionTranslationFilter@39133244, org.springframework.security.web.access.intercept.FilterSecurityInterceptor@5864e8bf]
18.04.2023 18:03:15.890 [main] INFO   o.s.s.c.ThreadPoolTaskExecutor - Initializing ExecutorService 'applicationTaskExecutor'
18.04.2023 18:03:16.107 [main] INFO   o.a.c.h.Http11NioProtocol - Starting ProtocolHandler ["http-nio-8086"]
18.04.2023 18:03:16.127 [main] INFO   o.s.b.w.e.t.TomcatWebServer - Tomcat started on port(s): 8086 (http) with context path ''
18.04.2023 18:03:16.134 [main] INFO   s.SocialNetApp - Started SocialNetApp in 3.436 seconds (JVM running for 3.855)
18.04.2023 18:03:45.949 [SpringContextShutdownHook] INFO   o.s.s.c.ThreadPoolTaskExecutor - Shutting down ExecutorService 'applicationTaskExecutor'
18.04.2023 18:03:52.913 [main] INFO   s.SocialNetApp - Starting SocialNetApp on DESKTOP-UG6SHMA with PID 5608 (A:\Skillbox\javaproteams37backend\target\classes started by Anton in A:\Skillbox\javaproteams37backend)
18.04.2023 18:03:52.915 [main] INFO   s.SocialNetApp - The following profiles are active: anton
18.04.2023 18:03:54.135 [main] INFO   o.s.b.w.e.t.TomcatWebServer - Tomcat initialized with port(s): 8086 (http)
18.04.2023 18:03:54.146 [main] INFO   o.a.c.h.Http11NioProtocol - Initializing ProtocolHandler ["http-nio-8086"]
18.04.2023 18:03:54.146 [main] INFO   o.a.c.c.StandardService - Starting service [Tomcat]
18.04.2023 18:03:54.146 [main] INFO   o.a.c.c.StandardEngine - Starting Servlet engine: [Apache Tomcat/9.0.46]
18.04.2023 18:03:54.244 [main] INFO   o.a.c.c.C.[.[.[/] - Initializing Spring embedded WebApplicationContext
18.04.2023 18:03:54.244 [main] INFO   o.s.b.w.s.c.ServletWebServerApplicationContext - Root WebApplicationContext: initialization completed in 1287 ms
18.04.2023 18:03:57.922 [main] INFO   o.s.s.w.DefaultSecurityFilterChain - Creating filter chain: any request, [org.springframework.security.web.context.request.async.WebAsyncManagerIntegrationFilter@1b7554d4, org.springframework.security.web.context.SecurityContextPersistenceFilter@54f6b629, org.springframework.security.web.header.HeaderWriterFilter@55a0f011, org.springframework.web.filter.CorsFilter@57ce2898, org.springframework.security.web.authentication.logout.LogoutFilter@712e787e, socialnet.security.jwt.AuthTokenFilter@4eea94a4, org.springframework.security.web.savedrequest.RequestCacheAwareFilter@3e43f049, org.springframework.security.web.servletapi.SecurityContextHolderAwareRequestFilter@27f71195, org.springframework.security.web.authentication.AnonymousAuthenticationFilter@1ea930eb, org.springframework.security.web.session.SessionManagementFilter@115c946b, org.springframework.security.web.access.ExceptionTranslationFilter@27e199ce, org.springframework.security.web.access.intercept.FilterSecurityInterceptor@307cf964]
18.04.2023 18:03:58.078 [main] INFO   o.s.s.c.ThreadPoolTaskExecutor - Initializing ExecutorService 'applicationTaskExecutor'
18.04.2023 18:03:58.305 [main] INFO   o.a.c.h.Http11NioProtocol - Starting ProtocolHandler ["http-nio-8086"]
18.04.2023 18:03:58.321 [main] INFO   o.s.b.w.e.t.TomcatWebServer - Tomcat started on port(s): 8086 (http) with context path ''
18.04.2023 18:03:58.329 [main] INFO   s.SocialNetApp - Started SocialNetApp in 5.674 seconds (JVM running for 6.087)
18.04.2023 18:06:22.753 [SpringContextShutdownHook] INFO   o.s.s.c.ThreadPoolTaskExecutor - Shutting down ExecutorService 'applicationTaskExecutor'
18.04.2023 18:06:27.655 [main] INFO   s.SocialNetApp - Starting SocialNetApp on DESKTOP-UG6SHMA with PID 13892 (A:\Skillbox\javaproteams37backend\target\classes started by Anton in A:\Skillbox\javaproteams37backend)
18.04.2023 18:06:27.657 [main] INFO   s.SocialNetApp - The following profiles are active: anton
18.04.2023 18:06:28.904 [main] INFO   o.s.b.w.e.t.TomcatWebServer - Tomcat initialized with port(s): 8086 (http)
18.04.2023 18:06:28.918 [main] INFO   o.a.c.h.Http11NioProtocol - Initializing ProtocolHandler ["http-nio-8086"]
18.04.2023 18:06:28.918 [main] INFO   o.a.c.c.StandardService - Starting service [Tomcat]
18.04.2023 18:06:28.918 [main] INFO   o.a.c.c.StandardEngine - Starting Servlet engine: [Apache Tomcat/9.0.46]
18.04.2023 18:06:29.000 [main] INFO   o.a.c.c.C.[.[.[/] - Initializing Spring embedded WebApplicationContext
18.04.2023 18:06:29.000 [main] INFO   o.s.b.w.s.c.ServletWebServerApplicationContext - Root WebApplicationContext: initialization completed in 1297 ms
18.04.2023 18:06:32.727 [main] INFO   o.s.s.w.DefaultSecurityFilterChain - Creating filter chain: any request, [org.springframework.security.web.context.request.async.WebAsyncManagerIntegrationFilter@21f9c6ea, org.springframework.security.web.context.SecurityContextPersistenceFilter@60deefed, org.springframework.security.web.header.HeaderWriterFilter@49491770, org.springframework.web.filter.CorsFilter@418f0534, org.springframework.security.web.authentication.logout.LogoutFilter@68bd8ca7, socialnet.security.jwt.AuthTokenFilter@17dad32f, org.springframework.security.web.savedrequest.RequestCacheAwareFilter@31881aa2, org.springframework.security.web.servletapi.SecurityContextHolderAwareRequestFilter@2becfd4c, org.springframework.security.web.authentication.AnonymousAuthenticationFilter@3dfd7eaa, org.springframework.security.web.session.SessionManagementFilter@7ac058a0, org.springframework.security.web.access.ExceptionTranslationFilter@204d9edf, org.springframework.security.web.access.intercept.FilterSecurityInterceptor@26275b46]
18.04.2023 18:06:32.883 [main] INFO   o.s.s.c.ThreadPoolTaskExecutor - Initializing ExecutorService 'applicationTaskExecutor'
18.04.2023 18:06:33.135 [main] INFO   o.a.c.h.Http11NioProtocol - Starting ProtocolHandler ["http-nio-8086"]
18.04.2023 18:06:33.154 [main] INFO   o.s.b.w.e.t.TomcatWebServer - Tomcat started on port(s): 8086 (http) with context path ''
18.04.2023 18:06:33.162 [main] INFO   s.SocialNetApp - Started SocialNetApp in 5.781 seconds (JVM running for 6.191)
18.04.2023 18:07:04.585 [SpringContextShutdownHook] INFO   o.s.s.c.ThreadPoolTaskExecutor - Shutting down ExecutorService 'applicationTaskExecutor'
18.04.2023 18:07:09.459 [main] INFO   s.SocialNetApp - Starting SocialNetApp on DESKTOP-UG6SHMA with PID 13972 (A:\Skillbox\javaproteams37backend\target\classes started by Anton in A:\Skillbox\javaproteams37backend)
18.04.2023 18:07:09.461 [main] INFO   s.SocialNetApp - The following profiles are active: anton
18.04.2023 18:07:10.694 [main] INFO   o.s.b.w.e.t.TomcatWebServer - Tomcat initialized with port(s): 8086 (http)
18.04.2023 18:07:10.709 [main] INFO   o.a.c.h.Http11NioProtocol - Initializing ProtocolHandler ["http-nio-8086"]
18.04.2023 18:07:10.709 [main] INFO   o.a.c.c.StandardService - Starting service [Tomcat]
18.04.2023 18:07:10.710 [main] INFO   o.a.c.c.StandardEngine - Starting Servlet engine: [Apache Tomcat/9.0.46]
18.04.2023 18:07:10.797 [main] INFO   o.a.c.c.C.[.[.[/] - Initializing Spring embedded WebApplicationContext
18.04.2023 18:07:10.797 [main] INFO   o.s.b.w.s.c.ServletWebServerApplicationContext - Root WebApplicationContext: initialization completed in 1292 ms
18.04.2023 18:07:12.902 [main] INFO   o.s.s.w.DefaultSecurityFilterChain - Creating filter chain: any request, [org.springframework.security.web.context.request.async.WebAsyncManagerIntegrationFilter@21f9c6ea, org.springframework.security.web.context.SecurityContextPersistenceFilter@60deefed, org.springframework.security.web.header.HeaderWriterFilter@49491770, org.springframework.web.filter.CorsFilter@418f0534, org.springframework.security.web.authentication.logout.LogoutFilter@68bd8ca7, socialnet.security.jwt.AuthTokenFilter@17dad32f, org.springframework.security.web.savedrequest.RequestCacheAwareFilter@31881aa2, org.springframework.security.web.servletapi.SecurityContextHolderAwareRequestFilter@2becfd4c, org.springframework.security.web.authentication.AnonymousAuthenticationFilter@3dfd7eaa, org.springframework.security.web.session.SessionManagementFilter@7ac058a0, org.springframework.security.web.access.ExceptionTranslationFilter@204d9edf, org.springframework.security.web.access.intercept.FilterSecurityInterceptor@26275b46]
18.04.2023 18:07:13.070 [main] INFO   o.s.s.c.ThreadPoolTaskExecutor - Initializing ExecutorService 'applicationTaskExecutor'
18.04.2023 18:07:13.315 [main] INFO   o.a.c.h.Http11NioProtocol - Starting ProtocolHandler ["http-nio-8086"]
18.04.2023 18:07:13.333 [main] INFO   o.s.b.w.e.t.TomcatWebServer - Tomcat started on port(s): 8086 (http) with context path ''
18.04.2023 18:07:13.341 [main] INFO   s.SocialNetApp - Started SocialNetApp in 4.14 seconds (JVM running for 4.537)
18.04.2023 18:08:57.843 [SpringContextShutdownHook] INFO   o.s.s.c.ThreadPoolTaskExecutor - Shutting down ExecutorService 'applicationTaskExecutor'
18.04.2023 18:09:02.811 [main] INFO   s.SocialNetApp - Starting SocialNetApp on DESKTOP-UG6SHMA with PID 10660 (A:\Skillbox\javaproteams37backend\target\classes started by Anton in A:\Skillbox\javaproteams37backend)
18.04.2023 18:09:02.812 [main] INFO   s.SocialNetApp - The following profiles are active: anton
18.04.2023 18:09:04.054 [main] INFO   o.s.b.w.e.t.TomcatWebServer - Tomcat initialized with port(s): 8086 (http)
18.04.2023 18:09:04.064 [main] INFO   o.a.c.h.Http11NioProtocol - Initializing ProtocolHandler ["http-nio-8086"]
18.04.2023 18:09:04.064 [main] INFO   o.a.c.c.StandardService - Starting service [Tomcat]
18.04.2023 18:09:04.064 [main] INFO   o.a.c.c.StandardEngine - Starting Servlet engine: [Apache Tomcat/9.0.46]
18.04.2023 18:09:04.159 [main] INFO   o.a.c.c.C.[.[.[/] - Initializing Spring embedded WebApplicationContext
18.04.2023 18:09:04.159 [main] INFO   o.s.b.w.s.c.ServletWebServerApplicationContext - Root WebApplicationContext: initialization completed in 1292 ms
18.04.2023 18:09:09.492 [main] INFO   o.s.s.w.DefaultSecurityFilterChain - Creating filter chain: any request, [org.springframework.security.web.context.request.async.WebAsyncManagerIntegrationFilter@3dfd7eaa, org.springframework.security.web.context.SecurityContextPersistenceFilter@31881aa2, org.springframework.security.web.header.HeaderWriterFilter@3b57dba4, org.springframework.web.filter.CorsFilter@7c9beb51, org.springframework.security.web.authentication.logout.LogoutFilter@4b28a7bf, socialnet.security.jwt.AuthTokenFilter@17dad32f, org.springframework.security.web.savedrequest.RequestCacheAwareFilter@cf01c2e, org.springframework.security.web.servletapi.SecurityContextHolderAwareRequestFilter@4cc8d70d, org.springframework.security.web.authentication.AnonymousAuthenticationFilter@133aacbe, org.springframework.security.web.session.SessionManagementFilter@60deefed, org.springframework.security.web.access.ExceptionTranslationFilter@50cbcca7, org.springframework.security.web.access.intercept.FilterSecurityInterceptor@2f15a964]
18.04.2023 18:09:09.646 [main] INFO   o.s.s.c.ThreadPoolTaskExecutor - Initializing ExecutorService 'applicationTaskExecutor'
18.04.2023 18:09:09.864 [main] INFO   o.a.c.h.Http11NioProtocol - Starting ProtocolHandler ["http-nio-8086"]
18.04.2023 18:09:09.882 [main] INFO   o.s.b.w.e.t.TomcatWebServer - Tomcat started on port(s): 8086 (http) with context path ''
18.04.2023 18:09:09.889 [main] INFO   s.SocialNetApp - Started SocialNetApp in 7.345 seconds (JVM running for 7.762)
18.04.2023 18:12:38.467 [SpringContextShutdownHook] INFO   o.s.s.c.ThreadPoolTaskExecutor - Shutting down ExecutorService 'applicationTaskExecutor'
18.04.2023 18:12:44.128 [main] INFO   s.SocialNetApp - Starting SocialNetApp on DESKTOP-UG6SHMA with PID 14360 (A:\Skillbox\javaproteams37backend\target\classes started by Anton in A:\Skillbox\javaproteams37backend)
18.04.2023 18:12:44.130 [main] INFO   s.SocialNetApp - The following profiles are active: anton
18.04.2023 18:12:45.416 [main] INFO   o.s.b.w.e.t.TomcatWebServer - Tomcat initialized with port(s): 8086 (http)
18.04.2023 18:12:45.425 [main] INFO   o.a.c.h.Http11NioProtocol - Initializing ProtocolHandler ["http-nio-8086"]
18.04.2023 18:12:45.425 [main] INFO   o.a.c.c.StandardService - Starting service [Tomcat]
18.04.2023 18:12:45.425 [main] INFO   o.a.c.c.StandardEngine - Starting Servlet engine: [Apache Tomcat/9.0.46]
18.04.2023 18:12:45.520 [main] INFO   o.a.c.c.C.[.[.[/] - Initializing Spring embedded WebApplicationContext
18.04.2023 18:12:45.520 [main] INFO   o.s.b.w.s.c.ServletWebServerApplicationContext - Root WebApplicationContext: initialization completed in 1338 ms
18.04.2023 18:12:46.722 [main] WARN   o.s.b.w.s.c.AnnotationConfigServletWebServerApplicationContext - Exception encountered during context initialization - cancelling refresh attempt: org.springframework.beans.factory.BeanCreationException: Error creating bean with name 'doGet' defined in class path resource [socialnet/logging/WhatSom.class]: Bean instantiation via factory method failed; nested exception is org.springframework.beans.BeanInstantiationException: Failed to instantiate [void]: Factory method 'doGet' threw exception; nested exception is org.springframework.web.client.HttpClientErrorException$MethodNotAllowed: 405 Method Not Allowed: [<html>
<head>
<meta http-equiv="Content-Type" content="text/html;charset=utf-8"/>
<title>Error 405 Method Not Allowed</title>
</head>
<body><h2>ERROR</h2>
</body>
</html>
]
18.04.2023 18:12:46.724 [main] INFO   o.a.c.c.StandardService - Stopping service [Tomcat]
18.04.2023 18:12:46.734 [main] INFO   o.s.b.a.l.ConditionEvaluationReportLoggingListener - 

Error starting ApplicationContext. To display the conditions report re-run your application with 'debug' enabled.
18.04.2023 18:12:46.747 [main] ERROR  o.s.b.SpringApplication - Application run failed
org.springframework.beans.factory.BeanCreationException: Error creating bean with name 'doGet' defined in class path resource [socialnet/logging/WhatSom.class]: Bean instantiation via factory method failed; nested exception is org.springframework.beans.BeanInstantiationException: Failed to instantiate [void]: Factory method 'doGet' threw exception; nested exception is org.springframework.web.client.HttpClientErrorException$MethodNotAllowed: 405 Method Not Allowed: [<html>
<head>
<meta http-equiv="Content-Type" content="text/html;charset=utf-8"/>
<title>Error 405 Method Not Allowed</title>
</head>
<body><h2>ERROR</h2>
</body>
</html>
]
	at org.springframework.beans.factory.support.ConstructorResolver.instantiate(ConstructorResolver.java:657)
	at org.springframework.beans.factory.support.ConstructorResolver.instantiateUsingFactoryMethod(ConstructorResolver.java:485)
	at org.springframework.beans.factory.support.AbstractAutowireCapableBeanFactory.instantiateUsingFactoryMethod(AbstractAutowireCapableBeanFactory.java:1341)
	at org.springframework.beans.factory.support.AbstractAutowireCapableBeanFactory.createBeanInstance(AbstractAutowireCapableBeanFactory.java:1181)
	at org.springframework.beans.factory.support.AbstractAutowireCapableBeanFactory.doCreateBean(AbstractAutowireCapableBeanFactory.java:556)
	at org.springframework.beans.factory.support.AbstractAutowireCapableBeanFactory.createBean(AbstractAutowireCapableBeanFactory.java:516)
	at org.springframework.beans.factory.support.AbstractBeanFactory.lambda$doGetBean$0(AbstractBeanFactory.java:324)
	at org.springframework.beans.factory.support.DefaultSingletonBeanRegistry.getSingleton(DefaultSingletonBeanRegistry.java:234)
	at org.springframework.beans.factory.support.AbstractBeanFactory.doGetBean(AbstractBeanFactory.java:322)
	at org.springframework.beans.factory.support.AbstractBeanFactory.getBean(AbstractBeanFactory.java:202)
	at org.springframework.beans.factory.support.DefaultListableBeanFactory.preInstantiateSingletons(DefaultListableBeanFactory.java:897)
	at org.springframework.context.support.AbstractApplicationContext.finishBeanFactoryInitialization(AbstractApplicationContext.java:879)
	at org.springframework.context.support.AbstractApplicationContext.refresh(AbstractApplicationContext.java:551)
	at org.springframework.boot.web.servlet.context.ServletWebServerApplicationContext.refresh(ServletWebServerApplicationContext.java:143)
	at org.springframework.boot.SpringApplication.refresh(SpringApplication.java:755)
	at org.springframework.boot.SpringApplication.refresh(SpringApplication.java:747)
	at org.springframework.boot.SpringApplication.refreshContext(SpringApplication.java:402)
	at org.springframework.boot.SpringApplication.run(SpringApplication.java:312)
	at org.springframework.boot.SpringApplication.run(SpringApplication.java:1247)
	at org.springframework.boot.SpringApplication.run(SpringApplication.java:1236)
	at socialnet.SocialNetApp.main(SocialNetApp.java:9)
Caused by: org.springframework.beans.BeanInstantiationException: Failed to instantiate [void]: Factory method 'doGet' threw exception; nested exception is org.springframework.web.client.HttpClientErrorException$MethodNotAllowed: 405 Method Not Allowed: [<html>
<head>
<meta http-equiv="Content-Type" content="text/html;charset=utf-8"/>
<title>Error 405 Method Not Allowed</title>
</head>
<body><h2>ERROR</h2>
</body>
</html>
]
	at org.springframework.beans.factory.support.SimpleInstantiationStrategy.instantiate(SimpleInstantiationStrategy.java:185)
	at org.springframework.beans.factory.support.ConstructorResolver.instantiate(ConstructorResolver.java:652)
	... 20 common frames omitted
Caused by: org.springframework.web.client.HttpClientErrorException$MethodNotAllowed: 405 Method Not Allowed: [<html>
<head>
<meta http-equiv="Content-Type" content="text/html;charset=utf-8"/>
<title>Error 405 Method Not Allowed</title>
</head>
<body><h2>ERROR</h2>
</body>
</html>
]
	at org.springframework.web.client.HttpClientErrorException.create(HttpClientErrorException.java:117)
	at org.springframework.web.client.DefaultResponseErrorHandler.handleError(DefaultResponseErrorHandler.java:184)
	at org.springframework.web.client.DefaultResponseErrorHandler.handleError(DefaultResponseErrorHandler.java:125)
	at org.springframework.web.client.ResponseErrorHandler.handleError(ResponseErrorHandler.java:63)
	at org.springframework.web.client.RestTemplate.handleResponse(RestTemplate.java:780)
	at org.springframework.web.client.RestTemplate.doExecute(RestTemplate.java:738)
	at org.springframework.web.client.RestTemplate.execute(RestTemplate.java:672)
	at org.springframework.web.client.RestTemplate.getForObject(RestTemplate.java:313)
	at socialnet.logging.WhatSom.doGet(WhatSom.java:46)
	at java.base/jdk.internal.reflect.DirectMethodHandleAccessor.invoke(DirectMethodHandleAccessor.java:104)
	at java.base/java.lang.reflect.Method.invoke(Method.java:577)
	at org.springframework.beans.factory.support.SimpleInstantiationStrategy.instantiate(SimpleInstantiationStrategy.java:154)
	... 21 common frames omitted
18.04.2023 18:16:24.375 [main] INFO   s.SocialNetApp - Starting SocialNetApp on DESKTOP-UG6SHMA with PID 15228 (A:\Skillbox\javaproteams37backend\target\classes started by Anton in A:\Skillbox\javaproteams37backend)
18.04.2023 18:16:24.377 [main] INFO   s.SocialNetApp - The following profiles are active: anton
18.04.2023 18:16:25.624 [main] INFO   o.s.b.w.e.t.TomcatWebServer - Tomcat initialized with port(s): 8086 (http)
18.04.2023 18:16:25.734 [main] INFO   o.s.b.w.s.c.ServletWebServerApplicationContext - Root WebApplicationContext: initialization completed in 1305 ms
18.04.2023 18:16:26.948 [main] WARN   o.s.b.w.s.c.AnnotationConfigServletWebServerApplicationContext - Exception encountered during context initialization - cancelling refresh attempt: org.springframework.beans.factory.BeanCreationException: Error creating bean with name 'doGet' defined in class path resource [socialnet/logging/WhatSom.class]: Bean instantiation via factory method failed; nested exception is org.springframework.beans.BeanInstantiationException: Failed to instantiate [void]: Factory method 'doGet' threw exception; nested exception is org.springframework.web.client.HttpClientErrorException$Forbidden: 403 FORBIDDEN: [{"message":"Доступ запрещён. Возможно, у приложения недостаточно прав для данного действия.","description":"Forbidden","error":"ForbiddenError"}]
18.04.2023 18:16:32.245 [main] INFO   s.SocialNetApp - Starting SocialNetApp on DESKTOP-UG6SHMA with PID 10856 (A:\Skillbox\javaproteams37backend\target\classes started by Anton in A:\Skillbox\javaproteams37backend)
18.04.2023 18:16:32.246 [main] INFO   s.SocialNetApp - The following profiles are active: anton
18.04.2023 18:16:33.478 [main] INFO   o.s.b.w.e.t.TomcatWebServer - Tomcat initialized with port(s): 8086 (http)
18.04.2023 18:16:33.488 [main] INFO   o.a.c.h.Http11NioProtocol - Initializing ProtocolHandler ["http-nio-8086"]
18.04.2023 18:16:33.488 [main] INFO   o.a.c.c.StandardService - Starting service [Tomcat]
18.04.2023 18:16:33.488 [main] INFO   o.a.c.c.StandardEngine - Starting Servlet engine: [Apache Tomcat/9.0.46]
18.04.2023 18:16:33.583 [main] INFO   o.a.c.c.C.[.[.[/] - Initializing Spring embedded WebApplicationContext
18.04.2023 18:16:33.584 [main] INFO   o.s.b.w.s.c.ServletWebServerApplicationContext - Root WebApplicationContext: initialization completed in 1289 ms
18.04.2023 18:16:36.121 [main] INFO   o.s.s.w.DefaultSecurityFilterChain - Creating filter chain: any request, [org.springframework.security.web.context.request.async.WebAsyncManagerIntegrationFilter@6ed18d80, org.springframework.security.web.context.SecurityContextPersistenceFilter@101330ad, org.springframework.security.web.header.HeaderWriterFilter@60deefed, org.springframework.web.filter.CorsFilter@4c24f3a2, org.springframework.security.web.authentication.logout.LogoutFilter@9a9aa68, socialnet.security.jwt.AuthTokenFilter@17dad32f, org.springframework.security.web.savedrequest.RequestCacheAwareFilter@682e445e, org.springframework.security.web.servletapi.SecurityContextHolderAwareRequestFilter@74697863, org.springframework.security.web.authentication.AnonymousAuthenticationFilter@783b3aa0, org.springframework.security.web.session.SessionManagementFilter@4cc8d70d, org.springframework.security.web.access.ExceptionTranslationFilter@73bb573d, org.springframework.security.web.access.intercept.FilterSecurityInterceptor@418f0534]
18.04.2023 18:16:36.298 [main] INFO   o.s.s.c.ThreadPoolTaskExecutor - Initializing ExecutorService 'applicationTaskExecutor'
18.04.2023 18:16:36.530 [main] INFO   o.a.c.h.Http11NioProtocol - Starting ProtocolHandler ["http-nio-8086"]
18.04.2023 18:16:36.547 [main] INFO   o.s.b.w.e.t.TomcatWebServer - Tomcat started on port(s): 8086 (http) with context path ''
18.04.2023 18:16:36.555 [main] INFO   s.SocialNetApp - Started SocialNetApp in 4.569 seconds (JVM running for 4.972)
18.04.2023 18:17:04.622 [SpringContextShutdownHook] INFO   o.s.s.c.ThreadPoolTaskExecutor - Shutting down ExecutorService 'applicationTaskExecutor'
18.04.2023 18:17:10.825 [main] INFO   s.SocialNetApp - Starting SocialNetApp on DESKTOP-UG6SHMA with PID 6704 (A:\Skillbox\javaproteams37backend\target\classes started by Anton in A:\Skillbox\javaproteams37backend)
18.04.2023 18:17:10.827 [main] INFO   s.SocialNetApp - The following profiles are active: anton
18.04.2023 18:17:12.137 [main] INFO   o.s.b.w.e.t.TomcatWebServer - Tomcat initialized with port(s): 8086 (http)
18.04.2023 18:17:12.146 [main] INFO   o.a.c.h.Http11NioProtocol - Initializing ProtocolHandler ["http-nio-8086"]
18.04.2023 18:17:12.147 [main] INFO   o.a.c.c.StandardService - Starting service [Tomcat]
18.04.2023 18:17:12.147 [main] INFO   o.a.c.c.StandardEngine - Starting Servlet engine: [Apache Tomcat/9.0.46]
18.04.2023 18:17:12.231 [main] INFO   o.a.c.c.C.[.[.[/] - Initializing Spring embedded WebApplicationContext
18.04.2023 18:17:12.232 [main] INFO   o.s.b.w.s.c.ServletWebServerApplicationContext - Root WebApplicationContext: initialization completed in 1345 ms
18.04.2023 18:17:17.081 [main] INFO   o.s.s.w.DefaultSecurityFilterChain - Creating filter chain: any request, [org.springframework.security.web.context.request.async.WebAsyncManagerIntegrationFilter@134a8ead, org.springframework.security.web.context.SecurityContextPersistenceFilter@65bd19bf, org.springframework.security.web.header.HeaderWriterFilter@787d1f9c, org.springframework.web.filter.CorsFilter@427308f8, org.springframework.security.web.authentication.logout.LogoutFilter@4dd2ef54, socialnet.security.jwt.AuthTokenFilter@4a8ffd75, org.springframework.security.web.savedrequest.RequestCacheAwareFilter@7d7ceca8, org.springframework.security.web.servletapi.SecurityContextHolderAwareRequestFilter@65593327, org.springframework.security.web.authentication.AnonymousAuthenticationFilter@54247647, org.springframework.security.web.session.SessionManagementFilter@5d2a86c0, org.springframework.security.web.access.ExceptionTranslationFilter@1eb9bf60, org.springframework.security.web.access.intercept.FilterSecurityInterceptor@3e6748ae]
18.04.2023 18:17:17.249 [main] INFO   o.s.s.c.ThreadPoolTaskExecutor - Initializing ExecutorService 'applicationTaskExecutor'
18.04.2023 18:17:17.480 [main] INFO   o.a.c.h.Http11NioProtocol - Starting ProtocolHandler ["http-nio-8086"]
18.04.2023 18:17:17.497 [main] INFO   o.s.b.w.e.t.TomcatWebServer - Tomcat started on port(s): 8086 (http) with context path ''
18.04.2023 18:17:17.506 [main] INFO   s.SocialNetApp - Started SocialNetApp in 6.952 seconds (JVM running for 7.359)
18.04.2023 18:18:13.894 [SpringContextShutdownHook] INFO   o.s.s.c.ThreadPoolTaskExecutor - Shutting down ExecutorService 'applicationTaskExecutor'
18.04.2023 18:18:27.737 [main] INFO   s.SocialNetApp - Starting SocialNetApp on DESKTOP-UG6SHMA with PID 1364 (A:\Skillbox\javaproteams37backend\target\classes started by Anton in A:\Skillbox\javaproteams37backend)
18.04.2023 18:18:27.739 [main] INFO   s.SocialNetApp - The following profiles are active: anton
18.04.2023 18:18:28.963 [main] INFO   o.s.b.w.e.t.TomcatWebServer - Tomcat initialized with port(s): 8086 (http)
18.04.2023 18:18:28.972 [main] INFO   o.a.c.h.Http11NioProtocol - Initializing ProtocolHandler ["http-nio-8086"]
18.04.2023 18:18:28.972 [main] INFO   o.a.c.c.StandardService - Starting service [Tomcat]
18.04.2023 18:18:28.972 [main] INFO   o.a.c.c.StandardEngine - Starting Servlet engine: [Apache Tomcat/9.0.46]
18.04.2023 18:18:29.066 [main] INFO   o.a.c.c.C.[.[.[/] - Initializing Spring embedded WebApplicationContext
18.04.2023 18:18:29.066 [main] INFO   o.s.b.w.s.c.ServletWebServerApplicationContext - Root WebApplicationContext: initialization completed in 1279 ms
18.04.2023 18:18:30.884 [main] INFO   o.s.s.w.DefaultSecurityFilterChain - Creating filter chain: any request, [org.springframework.security.web.context.request.async.WebAsyncManagerIntegrationFilter@3e6748ae, org.springframework.security.web.context.SecurityContextPersistenceFilter@2becfd4c, org.springframework.security.web.header.HeaderWriterFilter@2616b618, org.springframework.web.filter.CorsFilter@28f154cc, org.springframework.security.web.authentication.logout.LogoutFilter@70f148dc, socialnet.security.jwt.AuthTokenFilter@29be997f, org.springframework.security.web.savedrequest.RequestCacheAwareFilter@4cc8d70d, org.springframework.security.web.servletapi.SecurityContextHolderAwareRequestFilter@2c47a053, org.springframework.security.web.authentication.AnonymousAuthenticationFilter@3030836d, org.springframework.security.web.session.SessionManagementFilter@38811103, org.springframework.security.web.access.ExceptionTranslationFilter@4b93dd6a, org.springframework.security.web.access.intercept.FilterSecurityInterceptor@3a9b41a0]
18.04.2023 18:18:31.033 [main] INFO   o.s.s.c.ThreadPoolTaskExecutor - Initializing ExecutorService 'applicationTaskExecutor'
18.04.2023 18:18:31.288 [main] INFO   o.a.c.h.Http11NioProtocol - Starting ProtocolHandler ["http-nio-8086"]
18.04.2023 18:18:31.305 [main] INFO   o.s.b.w.e.t.TomcatWebServer - Tomcat started on port(s): 8086 (http) with context path ''
18.04.2023 18:18:31.312 [main] INFO   s.SocialNetApp - Started SocialNetApp in 3.84 seconds (JVM running for 4.246)
18.04.2023 18:21:16.472 [SpringContextShutdownHook] INFO   o.s.s.c.ThreadPoolTaskExecutor - Shutting down ExecutorService 'applicationTaskExecutor'
18.04.2023 18:21:21.856 [main] INFO   s.SocialNetApp - Starting SocialNetApp on DESKTOP-UG6SHMA with PID 8900 (A:\Skillbox\javaproteams37backend\target\classes started by Anton in A:\Skillbox\javaproteams37backend)
18.04.2023 18:21:21.858 [main] INFO   s.SocialNetApp - The following profiles are active: anton
18.04.2023 18:21:23.095 [main] INFO   o.s.b.w.e.t.TomcatWebServer - Tomcat initialized with port(s): 8086 (http)
18.04.2023 18:21:23.104 [main] INFO   o.a.c.h.Http11NioProtocol - Initializing ProtocolHandler ["http-nio-8086"]
18.04.2023 18:21:23.104 [main] INFO   o.a.c.c.StandardService - Starting service [Tomcat]
18.04.2023 18:21:23.104 [main] INFO   o.a.c.c.StandardEngine - Starting Servlet engine: [Apache Tomcat/9.0.46]
18.04.2023 18:21:23.199 [main] INFO   o.a.c.c.C.[.[.[/] - Initializing Spring embedded WebApplicationContext
18.04.2023 18:21:23.199 [main] INFO   o.s.b.w.s.c.ServletWebServerApplicationContext - Root WebApplicationContext: initialization completed in 1293 ms
18.04.2023 18:21:23.607 [main] WARN   o.s.b.w.s.c.AnnotationConfigServletWebServerApplicationContext - Exception encountered during context initialization - cancelling refresh attempt: org.springframework.beans.factory.BeanCreationException: Error creating bean with name 'writer' defined in class path resource [socialnet/logging/LoggingConfig.class]: Bean instantiation via factory method failed; nested exception is org.springframework.beans.BeanInstantiationException: Failed to instantiate [void]: Factory method 'writer' threw exception; nested exception is java.lang.NullPointerException: Cannot invoke "socialnet.logging.WhatSom.what()" because "this.whatSom" is null
18.04.2023 18:21:23.609 [main] INFO   o.a.c.c.StandardService - Stopping service [Tomcat]
18.04.2023 18:21:23.618 [main] INFO   o.s.b.a.l.ConditionEvaluationReportLoggingListener - 

Error starting ApplicationContext. To display the conditions report re-run your application with 'debug' enabled.
18.04.2023 18:21:23.629 [main] ERROR  o.s.b.SpringApplication - Application run failed
org.springframework.beans.factory.BeanCreationException: Error creating bean with name 'writer' defined in class path resource [socialnet/logging/LoggingConfig.class]: Bean instantiation via factory method failed; nested exception is org.springframework.beans.BeanInstantiationException: Failed to instantiate [void]: Factory method 'writer' threw exception; nested exception is java.lang.NullPointerException: Cannot invoke "socialnet.logging.WhatSom.what()" because "this.whatSom" is null
	at org.springframework.beans.factory.support.ConstructorResolver.instantiate(ConstructorResolver.java:657)
	at org.springframework.beans.factory.support.ConstructorResolver.instantiateUsingFactoryMethod(ConstructorResolver.java:485)
	at org.springframework.beans.factory.support.AbstractAutowireCapableBeanFactory.instantiateUsingFactoryMethod(AbstractAutowireCapableBeanFactory.java:1341)
	at org.springframework.beans.factory.support.AbstractAutowireCapableBeanFactory.createBeanInstance(AbstractAutowireCapableBeanFactory.java:1181)
	at org.springframework.beans.factory.support.AbstractAutowireCapableBeanFactory.doCreateBean(AbstractAutowireCapableBeanFactory.java:556)
	at org.springframework.beans.factory.support.AbstractAutowireCapableBeanFactory.createBean(AbstractAutowireCapableBeanFactory.java:516)
	at org.springframework.beans.factory.support.AbstractBeanFactory.lambda$doGetBean$0(AbstractBeanFactory.java:324)
	at org.springframework.beans.factory.support.DefaultSingletonBeanRegistry.getSingleton(DefaultSingletonBeanRegistry.java:234)
	at org.springframework.beans.factory.support.AbstractBeanFactory.doGetBean(AbstractBeanFactory.java:322)
	at org.springframework.beans.factory.support.AbstractBeanFactory.getBean(AbstractBeanFactory.java:202)
	at org.springframework.beans.factory.support.DefaultListableBeanFactory.preInstantiateSingletons(DefaultListableBeanFactory.java:897)
	at org.springframework.context.support.AbstractApplicationContext.finishBeanFactoryInitialization(AbstractApplicationContext.java:879)
	at org.springframework.context.support.AbstractApplicationContext.refresh(AbstractApplicationContext.java:551)
	at org.springframework.boot.web.servlet.context.ServletWebServerApplicationContext.refresh(ServletWebServerApplicationContext.java:143)
	at org.springframework.boot.SpringApplication.refresh(SpringApplication.java:755)
	at org.springframework.boot.SpringApplication.refresh(SpringApplication.java:747)
	at org.springframework.boot.SpringApplication.refreshContext(SpringApplication.java:402)
	at org.springframework.boot.SpringApplication.run(SpringApplication.java:312)
	at org.springframework.boot.SpringApplication.run(SpringApplication.java:1247)
	at org.springframework.boot.SpringApplication.run(SpringApplication.java:1236)
	at socialnet.SocialNetApp.main(SocialNetApp.java:9)
Caused by: org.springframework.beans.BeanInstantiationException: Failed to instantiate [void]: Factory method 'writer' threw exception; nested exception is java.lang.NullPointerException: Cannot invoke "socialnet.logging.WhatSom.what()" because "this.whatSom" is null
	at org.springframework.beans.factory.support.SimpleInstantiationStrategy.instantiate(SimpleInstantiationStrategy.java:185)
	at org.springframework.beans.factory.support.ConstructorResolver.instantiate(ConstructorResolver.java:652)
	... 20 common frames omitted
Caused by: java.lang.NullPointerException: Cannot invoke "socialnet.logging.WhatSom.what()" because "this.whatSom" is null
	at socialnet.logging.LoggingConfig.writer(LoggingConfig.java:72)
	at java.base/jdk.internal.reflect.DirectMethodHandleAccessor.invoke(DirectMethodHandleAccessor.java:104)
	at java.base/java.lang.reflect.Method.invoke(Method.java:577)
	at org.springframework.beans.factory.support.SimpleInstantiationStrategy.instantiate(SimpleInstantiationStrategy.java:154)
	... 21 common frames omitted
18.04.2023 18:22:11.748 [main] INFO   s.SocialNetApp - Starting SocialNetApp on DESKTOP-UG6SHMA with PID 10292 (A:\Skillbox\javaproteams37backend\target\classes started by Anton in A:\Skillbox\javaproteams37backend)
18.04.2023 18:22:11.750 [main] INFO   s.SocialNetApp - The following profiles are active: anton
18.04.2023 18:22:13.002 [main] INFO   o.s.b.w.e.t.TomcatWebServer - Tomcat initialized with port(s): 8086 (http)
18.04.2023 18:22:13.010 [main] INFO   o.a.c.h.Http11NioProtocol - Initializing ProtocolHandler ["http-nio-8086"]
18.04.2023 18:22:13.011 [main] INFO   o.a.c.c.StandardService - Starting service [Tomcat]
18.04.2023 18:22:13.011 [main] INFO   o.a.c.c.StandardEngine - Starting Servlet engine: [Apache Tomcat/9.0.46]
18.04.2023 18:22:13.103 [main] INFO   o.a.c.c.C.[.[.[/] - Initializing Spring embedded WebApplicationContext
18.04.2023 18:22:13.104 [main] INFO   o.s.b.w.s.c.ServletWebServerApplicationContext - Root WebApplicationContext: initialization completed in 1307 ms
18.04.2023 18:22:15.087 [main] INFO   o.s.s.w.DefaultSecurityFilterChain - Creating filter chain: any request, [org.springframework.security.web.context.request.async.WebAsyncManagerIntegrationFilter@39449465, org.springframework.security.web.context.SecurityContextPersistenceFilter@70c29356, org.springframework.security.web.header.HeaderWriterFilter@106c988, org.springframework.web.filter.CorsFilter@6e3dd5ce, org.springframework.security.web.authentication.logout.LogoutFilter@241b971f, socialnet.security.jwt.AuthTokenFilter@4eea94a4, org.springframework.security.web.savedrequest.RequestCacheAwareFilter@23e61112, org.springframework.security.web.servletapi.SecurityContextHolderAwareRequestFilter@4fb57fb3, org.springframework.security.web.authentication.AnonymousAuthenticationFilter@16f7f59f, org.springframework.security.web.session.SessionManagementFilter@147cc940, org.springframework.security.web.access.ExceptionTranslationFilter@39133244, org.springframework.security.web.access.intercept.FilterSecurityInterceptor@5864e8bf]
18.04.2023 18:22:15.240 [main] INFO   o.s.s.c.ThreadPoolTaskExecutor - Initializing ExecutorService 'applicationTaskExecutor'
18.04.2023 18:22:15.481 [main] INFO   o.a.c.h.Http11NioProtocol - Starting ProtocolHandler ["http-nio-8086"]
18.04.2023 18:22:15.499 [main] INFO   o.s.b.w.e.t.TomcatWebServer - Tomcat started on port(s): 8086 (http) with context path ''
18.04.2023 18:22:15.506 [main] INFO   s.SocialNetApp - Started SocialNetApp in 4.016 seconds (JVM running for 4.417)
18.04.2023 18:27:13.224 [SpringContextShutdownHook] INFO   o.s.s.c.ThreadPoolTaskExecutor - Shutting down ExecutorService 'applicationTaskExecutor'
18.04.2023 18:30:10.992 [main] INFO   s.SocialNetApp - Starting SocialNetApp on DESKTOP-UG6SHMA with PID 14492 (A:\Skillbox\javaproteams37backend\target\classes started by Anton in A:\Skillbox\javaproteams37backend)
18.04.2023 18:30:10.994 [main] INFO   s.SocialNetApp - The following profiles are active: anton
18.04.2023 18:30:12.262 [main] INFO   o.s.b.w.e.t.TomcatWebServer - Tomcat initialized with port(s): 8086 (http)
18.04.2023 18:30:12.271 [main] INFO   o.a.c.h.Http11NioProtocol - Initializing ProtocolHandler ["http-nio-8086"]
18.04.2023 18:30:12.271 [main] INFO   o.a.c.c.StandardService - Starting service [Tomcat]
18.04.2023 18:30:12.271 [main] INFO   o.a.c.c.StandardEngine - Starting Servlet engine: [Apache Tomcat/9.0.46]
18.04.2023 18:30:12.365 [main] INFO   o.a.c.c.C.[.[.[/] - Initializing Spring embedded WebApplicationContext
18.04.2023 18:30:12.365 [main] INFO   o.s.b.w.s.c.ServletWebServerApplicationContext - Root WebApplicationContext: initialization completed in 1321 ms
18.04.2023 18:30:13.528 [main] INFO   o.s.s.w.DefaultSecurityFilterChain - Creating filter chain: any request, [org.springframework.security.web.context.request.async.WebAsyncManagerIntegrationFilter@39133244, org.springframework.security.web.context.SecurityContextPersistenceFilter@231df705, org.springframework.security.web.header.HeaderWriterFilter@3a788fe0, org.springframework.web.filter.CorsFilter@ceb7701, org.springframework.security.web.authentication.logout.LogoutFilter@57cabdc3, socialnet.security.jwt.AuthTokenFilter@17dad32f, org.springframework.security.web.savedrequest.RequestCacheAwareFilter@2f0ccb34, org.springframework.security.web.servletapi.SecurityContextHolderAwareRequestFilter@64279ab, org.springframework.security.web.authentication.AnonymousAuthenticationFilter@5e193ef5, org.springframework.security.web.session.SessionManagementFilter@a91119b, org.springframework.security.web.access.ExceptionTranslationFilter@78b03788, org.springframework.security.web.access.intercept.FilterSecurityInterceptor@61d60e38]
18.04.2023 18:30:13.677 [main] INFO   o.s.s.c.ThreadPoolTaskExecutor - Initializing ExecutorService 'applicationTaskExecutor'
18.04.2023 18:30:13.916 [main] INFO   o.a.c.h.Http11NioProtocol - Starting ProtocolHandler ["http-nio-8086"]
18.04.2023 18:30:13.934 [main] INFO   o.s.b.w.e.t.TomcatWebServer - Tomcat started on port(s): 8086 (http) with context path ''
18.04.2023 18:30:13.942 [main] INFO   s.SocialNetApp - Started SocialNetApp in 3.231 seconds (JVM running for 3.648)
18.04.2023 18:38:16.965 [SpringContextShutdownHook] INFO   o.s.s.c.ThreadPoolTaskExecutor - Shutting down ExecutorService 'applicationTaskExecutor'
18.04.2023 18:38:20.478 [main] INFO   s.SocialNetApp - Starting SocialNetApp on DESKTOP-UG6SHMA with PID 9652 (A:\Skillbox\javaproteams37backend\target\classes started by Anton in A:\Skillbox\javaproteams37backend)
18.04.2023 18:38:20.480 [main] INFO   s.SocialNetApp - The following profiles are active: anton
18.04.2023 18:38:21.805 [main] INFO   o.s.b.w.e.t.TomcatWebServer - Tomcat initialized with port(s): 8086 (http)
18.04.2023 18:38:21.814 [main] INFO   o.a.c.h.Http11NioProtocol - Initializing ProtocolHandler ["http-nio-8086"]
18.04.2023 18:38:21.815 [main] INFO   o.a.c.c.StandardService - Starting service [Tomcat]
18.04.2023 18:38:21.815 [main] INFO   o.a.c.c.StandardEngine - Starting Servlet engine: [Apache Tomcat/9.0.46]
18.04.2023 18:38:21.916 [main] INFO   o.a.c.c.C.[.[.[/] - Initializing Spring embedded WebApplicationContext
18.04.2023 18:38:21.916 [main] INFO   o.s.b.w.s.c.ServletWebServerApplicationContext - Root WebApplicationContext: initialization completed in 1386 ms
18.04.2023 18:38:23.229 [main] INFO   o.s.s.w.DefaultSecurityFilterChain - Creating filter chain: any request, [org.springframework.security.web.context.request.async.WebAsyncManagerIntegrationFilter@7e191fda, org.springframework.security.web.context.SecurityContextPersistenceFilter@129c4d19, org.springframework.security.web.header.HeaderWriterFilter@14d8e132, org.springframework.web.filter.CorsFilter@6562cc23, org.springframework.security.web.authentication.logout.LogoutFilter@703e8050, socialnet.security.jwt.AuthTokenFilter@66813e6e, org.springframework.security.web.savedrequest.RequestCacheAwareFilter@13278a41, org.springframework.security.web.servletapi.SecurityContextHolderAwareRequestFilter@279126f5, org.springframework.security.web.authentication.AnonymousAuthenticationFilter@2ce524d2, org.springframework.security.web.session.SessionManagementFilter@57cabdc3, org.springframework.security.web.access.ExceptionTranslationFilter@27898e13, org.springframework.security.web.access.intercept.FilterSecurityInterceptor@6238d5e0]
18.04.2023 18:38:23.381 [main] INFO   o.s.s.c.ThreadPoolTaskExecutor - Initializing ExecutorService 'applicationTaskExecutor'
18.04.2023 18:38:23.623 [main] INFO   o.a.c.h.Http11NioProtocol - Starting ProtocolHandler ["http-nio-8086"]
18.04.2023 18:38:23.641 [main] INFO   o.s.b.w.e.t.TomcatWebServer - Tomcat started on port(s): 8086 (http) with context path ''
18.04.2023 18:38:23.649 [main] INFO   s.SocialNetApp - Started SocialNetApp in 3.445 seconds (JVM running for 3.864)
18.04.2023 18:39:51.628 [SpringContextShutdownHook] INFO   o.s.s.c.ThreadPoolTaskExecutor - Shutting down ExecutorService 'applicationTaskExecutor'
18.04.2023 18:39:55.220 [main] INFO   s.SocialNetApp - Starting SocialNetApp on DESKTOP-UG6SHMA with PID 15588 (A:\Skillbox\javaproteams37backend\target\classes started by Anton in A:\Skillbox\javaproteams37backend)
18.04.2023 18:39:55.222 [main] INFO   s.SocialNetApp - The following profiles are active: anton
18.04.2023 18:39:56.539 [main] INFO   o.s.b.w.e.t.TomcatWebServer - Tomcat initialized with port(s): 8086 (http)
18.04.2023 18:39:56.549 [main] INFO   o.a.c.h.Http11NioProtocol - Initializing ProtocolHandler ["http-nio-8086"]
18.04.2023 18:39:56.549 [main] INFO   o.a.c.c.StandardService - Starting service [Tomcat]
18.04.2023 18:39:56.549 [main] INFO   o.a.c.c.StandardEngine - Starting Servlet engine: [Apache Tomcat/9.0.46]
18.04.2023 18:39:56.637 [main] INFO   o.a.c.c.C.[.[.[/] - Initializing Spring embedded WebApplicationContext
18.04.2023 18:39:56.638 [main] INFO   o.s.b.w.s.c.ServletWebServerApplicationContext - Root WebApplicationContext: initialization completed in 1369 ms
18.04.2023 18:39:59.486 [main] INFO   o.s.s.w.DefaultSecurityFilterChain - Creating filter chain: any request, [org.springframework.security.web.context.request.async.WebAsyncManagerIntegrationFilter@35563e4c, org.springframework.security.web.context.SecurityContextPersistenceFilter@336f49a1, org.springframework.security.web.header.HeaderWriterFilter@79ca7bea, org.springframework.web.filter.CorsFilter@6dd79214, org.springframework.security.web.authentication.logout.LogoutFilter@2aee0704, socialnet.security.jwt.AuthTokenFilter@65f40689, org.springframework.security.web.savedrequest.RequestCacheAwareFilter@4fb57fb3, org.springframework.security.web.servletapi.SecurityContextHolderAwareRequestFilter@255d9277, org.springframework.security.web.authentication.AnonymousAuthenticationFilter@ef86c72, org.springframework.security.web.session.SessionManagementFilter@340afaf8, org.springframework.security.web.access.ExceptionTranslationFilter@4d4c1ba9, org.springframework.security.web.access.intercept.FilterSecurityInterceptor@1b7554d4]
18.04.2023 18:39:59.647 [main] INFO   o.s.s.c.ThreadPoolTaskExecutor - Initializing ExecutorService 'applicationTaskExecutor'
18.04.2023 18:39:59.875 [main] INFO   o.a.c.h.Http11NioProtocol - Starting ProtocolHandler ["http-nio-8086"]
18.04.2023 18:39:59.893 [main] INFO   o.s.b.w.e.t.TomcatWebServer - Tomcat started on port(s): 8086 (http) with context path ''
18.04.2023 18:39:59.901 [main] INFO   s.SocialNetApp - Started SocialNetApp in 4.977 seconds (JVM running for 5.404)
18.04.2023 18:40:45.665 [SpringContextShutdownHook] INFO   o.s.s.c.ThreadPoolTaskExecutor - Shutting down ExecutorService 'applicationTaskExecutor'
18.04.2023 18:40:49.194 [main] INFO   s.SocialNetApp - Starting SocialNetApp on DESKTOP-UG6SHMA with PID 1548 (A:\Skillbox\javaproteams37backend\target\classes started by Anton in A:\Skillbox\javaproteams37backend)
18.04.2023 18:40:49.196 [main] INFO   s.SocialNetApp - The following profiles are active: anton
18.04.2023 18:40:50.449 [main] INFO   o.s.b.w.e.t.TomcatWebServer - Tomcat initialized with port(s): 8086 (http)
18.04.2023 18:40:50.458 [main] INFO   o.a.c.h.Http11NioProtocol - Initializing ProtocolHandler ["http-nio-8086"]
18.04.2023 18:40:50.458 [main] INFO   o.a.c.c.StandardService - Starting service [Tomcat]
18.04.2023 18:40:50.458 [main] INFO   o.a.c.c.StandardEngine - Starting Servlet engine: [Apache Tomcat/9.0.46]
18.04.2023 18:40:50.551 [main] INFO   o.a.c.c.C.[.[.[/] - Initializing Spring embedded WebApplicationContext
18.04.2023 18:40:50.551 [main] INFO   o.s.b.w.s.c.ServletWebServerApplicationContext - Root WebApplicationContext: initialization completed in 1305 ms
18.04.2023 18:40:53.176 [main] INFO   o.s.s.w.DefaultSecurityFilterChain - Creating filter chain: any request, [org.springframework.security.web.context.request.async.WebAsyncManagerIntegrationFilter@1693ff90, org.springframework.security.web.context.SecurityContextPersistenceFilter@226d5af0, org.springframework.security.web.header.HeaderWriterFilter@147cc940, org.springframework.web.filter.CorsFilter@47058864, org.springframework.security.web.authentication.logout.LogoutFilter@11c581a0, socialnet.security.jwt.AuthTokenFilter@7f9e8421, org.springframework.security.web.savedrequest.RequestCacheAwareFilter@36d582cb, org.springframework.security.web.servletapi.SecurityContextHolderAwareRequestFilter@2ce524d2, org.springframework.security.web.authentication.AnonymousAuthenticationFilter@ad3f70a, org.springframework.security.web.session.SessionManagementFilter@4fb57fb3, org.springframework.security.web.access.ExceptionTranslationFilter@54f6b629, org.springframework.security.web.access.intercept.FilterSecurityInterceptor@1fe8f5e8]
18.04.2023 18:40:53.330 [main] INFO   o.s.s.c.ThreadPoolTaskExecutor - Initializing ExecutorService 'applicationTaskExecutor'
18.04.2023 18:40:53.570 [main] INFO   o.a.c.h.Http11NioProtocol - Starting ProtocolHandler ["http-nio-8086"]
18.04.2023 18:40:53.588 [main] INFO   o.s.b.w.e.t.TomcatWebServer - Tomcat started on port(s): 8086 (http) with context path ''
18.04.2023 18:40:53.595 [main] INFO   s.SocialNetApp - Started SocialNetApp in 4.674 seconds (JVM running for 5.091)
18.04.2023 18:41:16.984 [SpringContextShutdownHook] INFO   o.s.s.c.ThreadPoolTaskExecutor - Shutting down ExecutorService 'applicationTaskExecutor'
18.04.2023 18:41:20.143 [main] INFO   s.SocialNetApp - Starting SocialNetApp on DESKTOP-UG6SHMA with PID 11296 (A:\Skillbox\javaproteams37backend\target\classes started by Anton in A:\Skillbox\javaproteams37backend)
18.04.2023 18:41:20.145 [main] INFO   s.SocialNetApp - The following profiles are active: anton
18.04.2023 18:41:21.392 [main] INFO   o.s.b.w.e.t.TomcatWebServer - Tomcat initialized with port(s): 8086 (http)
18.04.2023 18:41:21.401 [main] INFO   o.a.c.h.Http11NioProtocol - Initializing ProtocolHandler ["http-nio-8086"]
18.04.2023 18:41:21.402 [main] INFO   o.a.c.c.StandardService - Starting service [Tomcat]
18.04.2023 18:41:21.402 [main] INFO   o.a.c.c.StandardEngine - Starting Servlet engine: [Apache Tomcat/9.0.46]
18.04.2023 18:41:21.492 [main] INFO   o.a.c.c.C.[.[.[/] - Initializing Spring embedded WebApplicationContext
18.04.2023 18:41:21.492 [main] INFO   o.s.b.w.s.c.ServletWebServerApplicationContext - Root WebApplicationContext: initialization completed in 1303 ms
18.04.2023 18:41:22.985 [main] INFO   o.s.s.w.DefaultSecurityFilterChain - Creating filter chain: any request, [org.springframework.security.web.context.request.async.WebAsyncManagerIntegrationFilter@2017f6e6, org.springframework.security.web.context.SecurityContextPersistenceFilter@6650a6c, org.springframework.security.web.header.HeaderWriterFilter@4fb64a52, org.springframework.web.filter.CorsFilter@115c946b, org.springframework.security.web.authentication.logout.LogoutFilter@49232c6f, socialnet.security.jwt.AuthTokenFilter@7f9e8421, org.springframework.security.web.savedrequest.RequestCacheAwareFilter@794240e2, org.springframework.security.web.servletapi.SecurityContextHolderAwareRequestFilter@5333f08f, org.springframework.security.web.authentication.AnonymousAuthenticationFilter@79ca7bea, org.springframework.security.web.session.SessionManagementFilter@3009eed7, org.springframework.security.web.access.ExceptionTranslationFilter@497ed877, org.springframework.security.web.access.intercept.FilterSecurityInterceptor@1c3b6963]
18.04.2023 18:41:23.133 [main] INFO   o.s.s.c.ThreadPoolTaskExecutor - Initializing ExecutorService 'applicationTaskExecutor'
18.04.2023 18:41:23.376 [main] INFO   o.a.c.h.Http11NioProtocol - Starting ProtocolHandler ["http-nio-8086"]
18.04.2023 18:41:23.398 [main] INFO   o.s.b.w.e.t.TomcatWebServer - Tomcat started on port(s): 8086 (http) with context path ''
18.04.2023 18:41:23.406 [main] INFO   s.SocialNetApp - Started SocialNetApp in 3.54 seconds (JVM running for 3.954)
18.04.2023 18:42:02.307 [SpringContextShutdownHook] INFO   o.s.s.c.ThreadPoolTaskExecutor - Shutting down ExecutorService 'applicationTaskExecutor'
18.04.2023 18:42:06.006 [main] INFO   s.SocialNetApp - Starting SocialNetApp on DESKTOP-UG6SHMA with PID 12508 (A:\Skillbox\javaproteams37backend\target\classes started by Anton in A:\Skillbox\javaproteams37backend)
18.04.2023 18:42:06.009 [main] INFO   s.SocialNetApp - The following profiles are active: anton
18.04.2023 18:42:07.274 [main] INFO   o.s.b.w.e.t.TomcatWebServer - Tomcat initialized with port(s): 8086 (http)
18.04.2023 18:42:07.283 [main] INFO   o.a.c.h.Http11NioProtocol - Initializing ProtocolHandler ["http-nio-8086"]
18.04.2023 18:42:07.284 [main] INFO   o.a.c.c.StandardService - Starting service [Tomcat]
18.04.2023 18:42:07.284 [main] INFO   o.a.c.c.StandardEngine - Starting Servlet engine: [Apache Tomcat/9.0.46]
18.04.2023 18:42:07.374 [main] INFO   o.a.c.c.C.[.[.[/] - Initializing Spring embedded WebApplicationContext
18.04.2023 18:42:07.374 [main] INFO   o.s.b.w.s.c.ServletWebServerApplicationContext - Root WebApplicationContext: initialization completed in 1320 ms
18.04.2023 18:42:09.088 [main] INFO   o.s.s.w.DefaultSecurityFilterChain - Creating filter chain: any request, [org.springframework.security.web.context.request.async.WebAsyncManagerIntegrationFilter@743d0d44, org.springframework.security.web.context.SecurityContextPersistenceFilter@6238d5e0, org.springframework.security.web.header.HeaderWriterFilter@115c946b, org.springframework.web.filter.CorsFilter@35563e4c, org.springframework.security.web.authentication.logout.LogoutFilter@70be89ec, socialnet.security.jwt.AuthTokenFilter@65f40689, org.springframework.security.web.savedrequest.RequestCacheAwareFilter@2c8b8de0, org.springframework.security.web.servletapi.SecurityContextHolderAwareRequestFilter@3f048c86, org.springframework.security.web.authentication.AnonymousAuthenticationFilter@6dd79214, org.springframework.security.web.session.SessionManagementFilter@27f71195, org.springframework.security.web.access.ExceptionTranslationFilter@5627cb29, org.springframework.security.web.access.intercept.FilterSecurityInterceptor@7b297740]
18.04.2023 18:42:09.244 [main] INFO   o.s.s.c.ThreadPoolTaskExecutor - Initializing ExecutorService 'applicationTaskExecutor'
18.04.2023 18:42:09.502 [main] INFO   o.a.c.h.Http11NioProtocol - Starting ProtocolHandler ["http-nio-8086"]
18.04.2023 18:42:09.521 [main] INFO   o.s.b.w.e.t.TomcatWebServer - Tomcat started on port(s): 8086 (http) with context path ''
18.04.2023 18:42:09.529 [main] INFO   s.SocialNetApp - Started SocialNetApp in 3.794 seconds (JVM running for 4.216)
18.04.2023 18:45:22.422 [SpringContextShutdownHook] INFO   o.s.s.c.ThreadPoolTaskExecutor - Shutting down ExecutorService 'applicationTaskExecutor'
18.04.2023 18:45:26.283 [main] INFO   s.SocialNetApp - Starting SocialNetApp on DESKTOP-UG6SHMA with PID 16340 (A:\Skillbox\javaproteams37backend\target\classes started by Anton in A:\Skillbox\javaproteams37backend)
18.04.2023 18:45:26.284 [main] INFO   s.SocialNetApp - The following profiles are active: anton
18.04.2023 18:45:27.546 [main] INFO   o.s.b.w.e.t.TomcatWebServer - Tomcat initialized with port(s): 8086 (http)
18.04.2023 18:45:27.555 [main] INFO   o.a.c.h.Http11NioProtocol - Initializing ProtocolHandler ["http-nio-8086"]
18.04.2023 18:45:27.556 [main] INFO   o.a.c.c.StandardService - Starting service [Tomcat]
18.04.2023 18:45:27.556 [main] INFO   o.a.c.c.StandardEngine - Starting Servlet engine: [Apache Tomcat/9.0.46]
18.04.2023 18:45:27.647 [main] INFO   o.a.c.c.C.[.[.[/] - Initializing Spring embedded WebApplicationContext
18.04.2023 18:45:27.648 [main] INFO   o.s.b.w.s.c.ServletWebServerApplicationContext - Root WebApplicationContext: initialization completed in 1317 ms
18.04.2023 18:45:32.121 [main] WARN   o.s.b.w.s.c.AnnotationConfigServletWebServerApplicationContext - Exception encountered during context initialization - cancelling refresh attempt: org.springframework.beans.factory.BeanCreationException: Error creating bean with name 'writer' defined in class path resource [socialnet/logging/LoggingConfig.class]: Bean instantiation via factory method failed; nested exception is org.springframework.beans.BeanInstantiationException: Failed to instantiate [void]: Factory method 'writer' threw exception; nested exception is java.io.IOException: Server returned HTTP response code: 405 for URL: https://uploader51j.disk.yandex.net:443/upload-target/20230418T184528.186.utd.612jgbaab5bhthcgmfnz2n5sx-k51j.1018015
18.04.2023 18:45:32.125 [main] INFO   o.a.c.c.StandardService - Stopping service [Tomcat]
18.04.2023 18:45:32.138 [main] INFO   o.s.b.a.l.ConditionEvaluationReportLoggingListener - 

Error starting ApplicationContext. To display the conditions report re-run your application with 'debug' enabled.
18.04.2023 18:45:32.152 [main] ERROR  o.s.b.SpringApplication - Application run failed
org.springframework.beans.factory.BeanCreationException: Error creating bean with name 'writer' defined in class path resource [socialnet/logging/LoggingConfig.class]: Bean instantiation via factory method failed; nested exception is org.springframework.beans.BeanInstantiationException: Failed to instantiate [void]: Factory method 'writer' threw exception; nested exception is java.io.IOException: Server returned HTTP response code: 405 for URL: https://uploader51j.disk.yandex.net:443/upload-target/20230418T184528.186.utd.612jgbaab5bhthcgmfnz2n5sx-k51j.1018015
	at org.springframework.beans.factory.support.ConstructorResolver.instantiate(ConstructorResolver.java:657)
	at org.springframework.beans.factory.support.ConstructorResolver.instantiateUsingFactoryMethod(ConstructorResolver.java:485)
	at org.springframework.beans.factory.support.AbstractAutowireCapableBeanFactory.instantiateUsingFactoryMethod(AbstractAutowireCapableBeanFactory.java:1341)
	at org.springframework.beans.factory.support.AbstractAutowireCapableBeanFactory.createBeanInstance(AbstractAutowireCapableBeanFactory.java:1181)
	at org.springframework.beans.factory.support.AbstractAutowireCapableBeanFactory.doCreateBean(AbstractAutowireCapableBeanFactory.java:556)
	at org.springframework.beans.factory.support.AbstractAutowireCapableBeanFactory.createBean(AbstractAutowireCapableBeanFactory.java:516)
	at org.springframework.beans.factory.support.AbstractBeanFactory.lambda$doGetBean$0(AbstractBeanFactory.java:324)
	at org.springframework.beans.factory.support.DefaultSingletonBeanRegistry.getSingleton(DefaultSingletonBeanRegistry.java:234)
	at org.springframework.beans.factory.support.AbstractBeanFactory.doGetBean(AbstractBeanFactory.java:322)
	at org.springframework.beans.factory.support.AbstractBeanFactory.getBean(AbstractBeanFactory.java:202)
	at org.springframework.beans.factory.support.DefaultListableBeanFactory.preInstantiateSingletons(DefaultListableBeanFactory.java:897)
	at org.springframework.context.support.AbstractApplicationContext.finishBeanFactoryInitialization(AbstractApplicationContext.java:879)
	at org.springframework.context.support.AbstractApplicationContext.refresh(AbstractApplicationContext.java:551)
	at org.springframework.boot.web.servlet.context.ServletWebServerApplicationContext.refresh(ServletWebServerApplicationContext.java:143)
	at org.springframework.boot.SpringApplication.refresh(SpringApplication.java:755)
	at org.springframework.boot.SpringApplication.refresh(SpringApplication.java:747)
	at org.springframework.boot.SpringApplication.refreshContext(SpringApplication.java:402)
	at org.springframework.boot.SpringApplication.run(SpringApplication.java:312)
	at org.springframework.boot.SpringApplication.run(SpringApplication.java:1247)
	at org.springframework.boot.SpringApplication.run(SpringApplication.java:1236)
	at socialnet.SocialNetApp.main(SocialNetApp.java:9)
Caused by: org.springframework.beans.BeanInstantiationException: Failed to instantiate [void]: Factory method 'writer' threw exception; nested exception is java.io.IOException: Server returned HTTP response code: 405 for URL: https://uploader51j.disk.yandex.net:443/upload-target/20230418T184528.186.utd.612jgbaab5bhthcgmfnz2n5sx-k51j.1018015
	at org.springframework.beans.factory.support.SimpleInstantiationStrategy.instantiate(SimpleInstantiationStrategy.java:185)
	at org.springframework.beans.factory.support.ConstructorResolver.instantiate(ConstructorResolver.java:652)
	... 20 common frames omitted
Caused by: java.io.IOException: Server returned HTTP response code: 405 for URL: https://uploader51j.disk.yandex.net:443/upload-target/20230418T184528.186.utd.612jgbaab5bhthcgmfnz2n5sx-k51j.1018015
	at java.base/sun.net.www.protocol.http.HttpURLConnection.getInputStream0(HttpURLConnection.java:1997)
	at java.base/sun.net.www.protocol.http.HttpURLConnection.getInputStream(HttpURLConnection.java:1589)
	at java.base/java.net.URLConnection.getContent(URLConnection.java:761)
	at java.base/sun.net.www.protocol.https.HttpsURLConnectionImpl.getContent(HttpsURLConnectionImpl.java:404)
	at java.base/java.net.URL.getContent(URL.java:1175)
	at socialnet.logging.WhatSom.what(WhatSom.java:25)
	at socialnet.logging.LoggingConfig.writer(LoggingConfig.java:72)
	at java.base/jdk.internal.reflect.DirectMethodHandleAccessor.invoke(DirectMethodHandleAccessor.java:104)
	at java.base/java.lang.reflect.Method.invoke(Method.java:577)
	at org.springframework.beans.factory.support.SimpleInstantiationStrategy.instantiate(SimpleInstantiationStrategy.java:154)
	... 21 common frames omitted
18.04.2023 18:47:50.371 [main] INFO   s.SocialNetApp - Starting SocialNetApp on DESKTOP-UG6SHMA with PID 5104 (A:\Skillbox\javaproteams37backend\target\classes started by Anton in A:\Skillbox\javaproteams37backend)
18.04.2023 18:47:50.373 [main] INFO   s.SocialNetApp - The following profiles are active: anton
18.04.2023 18:47:51.646 [main] INFO   o.s.b.w.e.t.TomcatWebServer - Tomcat initialized with port(s): 8086 (http)
18.04.2023 18:47:51.655 [main] INFO   o.a.c.h.Http11NioProtocol - Initializing ProtocolHandler ["http-nio-8086"]
18.04.2023 18:47:51.656 [main] INFO   o.a.c.c.StandardService - Starting service [Tomcat]
18.04.2023 18:47:51.656 [main] INFO   o.a.c.c.StandardEngine - Starting Servlet engine: [Apache Tomcat/9.0.46]
18.04.2023 18:47:51.751 [main] INFO   o.a.c.c.C.[.[.[/] - Initializing Spring embedded WebApplicationContext
18.04.2023 18:47:51.751 [main] INFO   o.s.b.w.s.c.ServletWebServerApplicationContext - Root WebApplicationContext: initialization completed in 1333 ms
18.04.2023 18:47:53.295 [main] INFO   o.s.s.w.DefaultSecurityFilterChain - Creating filter chain: any request, [org.springframework.security.web.context.request.async.WebAsyncManagerIntegrationFilter@61da0413, org.springframework.security.web.context.SecurityContextPersistenceFilter@29c53c4f, org.springframework.security.web.header.HeaderWriterFilter@497ed877, org.springframework.web.filter.CorsFilter@5627cb29, org.springframework.security.web.authentication.logout.LogoutFilter@3ab595c8, socialnet.security.jwt.AuthTokenFilter@65f40689, org.springframework.security.web.savedrequest.RequestCacheAwareFilter@2ee4706d, org.springframework.security.web.servletapi.SecurityContextHolderAwareRequestFilter@111cba40, org.springframework.security.web.authentication.AnonymousAuthenticationFilter@4d4c1ba9, org.springframework.security.web.session.SessionManagementFilter@55296b50, org.springframework.security.web.access.ExceptionTranslationFilter@175c5c3a, org.springframework.security.web.access.intercept.FilterSecurityInterceptor@454bcbbf]
18.04.2023 18:47:53.452 [main] INFO   o.s.s.c.ThreadPoolTaskExecutor - Initializing ExecutorService 'applicationTaskExecutor'
18.04.2023 18:47:53.705 [main] INFO   o.a.c.h.Http11NioProtocol - Starting ProtocolHandler ["http-nio-8086"]
18.04.2023 18:47:53.724 [main] INFO   o.s.b.w.e.t.TomcatWebServer - Tomcat started on port(s): 8086 (http) with context path ''
18.04.2023 18:47:53.732 [main] INFO   s.SocialNetApp - Started SocialNetApp in 3.638 seconds (JVM running for 4.059)
18.04.2023 22:58:03.817 [SpringContextShutdownHook] INFO   o.s.s.c.ThreadPoolTaskExecutor - Shutting down ExecutorService 'applicationTaskExecutor'
